        -:    0:Source:bipbuffer.c
        -:    0:Graph:bipbuffer.gcno
        -:    0:Data:bipbuffer.gcda
        -:    0:Runs:119
        -:    0:Programs:1
        -:    1:/**
        -:    2: * Copyright (c) 2011, Willem-Hendrik Thiart
        -:    3: * Use of this source code is governed by a BSD-style license that can be
        -:    4: * found in the LICENSE.bipbuffer file.
        -:    5: *
        -:    6: * @file
        -:    7: * @author  Willem Thiart himself@willemthiart.com
        -:    8: */
        -:    9:
        -:   10:#include "stdio.h"
        -:   11:#include <stdlib.h>
        -:   12:
        -:   13:/* for memcpy */
        -:   14:#include <string.h>
        -:   15:
        -:   16:#include "bipbuffer.h"
        -:   17:
        -:   18:static size_t bipbuf_sizeof(const unsigned int size)
        -:   19:{
      847:   20:    return sizeof(bipbuf_t) + size;
        -:   21:}
        -:   22:
    #####:   23:int bipbuf_unused(const bipbuf_t* me)
        -:   24:{
   148602:   25:    if (1 == me->b_inuse)
        -:   26:        /* distance between region B and region A */
     1110:   27:        return me->a_start - me->b_end;
        -:   28:    else
   147492:   29:        return me->size - me->a_end;
        -:   30:}
        -:   31:
    #####:   32:int bipbuf_size(const bipbuf_t* me)
        -:   33:{
    #####:   34:    return me->size;
        -:   35:}
        -:   36:
        2:   37:int bipbuf_used(const bipbuf_t* me)
        -:   38:{
        2:   39:    return (me->a_end - me->a_start) + me->b_end;
        -:   40:}
        -:   41:
    #####:   42:void bipbuf_init(bipbuf_t* me, const unsigned int size)
        -:   43:{
      838:   44:    me->a_start = me->a_end = me->b_end = 0;
      838:   45:    me->size = size;
      838:   46:    me->b_inuse = 0;
    #####:   47:}
        -:   48:
      847:   49:bipbuf_t *bipbuf_new(const unsigned int size)
        -:   50:{
      847:   51:    bipbuf_t *me = malloc(bipbuf_sizeof(size));
      847:   52:    if (!me)
        -:   53:        return NULL;
      838:   54:    bipbuf_init(me, size);
      838:   55:    return me;
        -:   56:}
        -:   57:
        2:   58:void bipbuf_free(bipbuf_t* me)
        -:   59:{
        2:   60:    free(me);
        2:   61:}
        -:   62:
    #####:   63:int bipbuf_is_empty(const bipbuf_t* me)
        -:   64:{
    53549:   65:    return me->a_start == me->a_end;
        -:   66:}
        -:   67:
        -:   68:/* find out if we should turn on region B
        -:   69: * ie. is the distance from A to buffer's end less than B to A? */
        -:   70:static void __check_for_switch_to_b(bipbuf_t* me)
        -:   71:{
    59968:   72:    if (me->size - me->a_end < me->a_start - me->b_end)
      735:   73:        me->b_inuse = 1;
        -:   74:}
        -:   75:
        -:   76:/* TODO: DOCUMENT THESE TWO FUNCTIONS */
    89775:   77:unsigned char *bipbuf_request(bipbuf_t* me, const int size)
        -:   78:{
    89775:   79:    if (bipbuf_unused(me) < size)
        -:   80:        return 0;
    59078:   81:    if (1 == me->b_inuse)
        -:   82:    {
      555:   83:        return (unsigned char *)me->data + me->b_end;
        -:   84:    }
        -:   85:    else
        -:   86:    {
    58523:   87:        return (unsigned char *)me->data + me->a_end;
        -:   88:    }
        -:   89:}
        -:   90:
    58505:   91:int bipbuf_push(bipbuf_t* me, const int size)
        -:   92:{
    58505:   93:    if (bipbuf_unused(me) < size)
        -:   94:        return 0;
        -:   95:
    58505:   96:    if (1 == me->b_inuse)
        -:   97:    {
      555:   98:        me->b_end += size;
        -:   99:    }
        -:  100:    else
        -:  101:    {
    57950:  102:        me->a_end += size;
        -:  103:    }
        -:  104:
        -:  105:    __check_for_switch_to_b(me);
        -:  106:    return size;
        -:  107:}
        -:  108:
      322:  109:int bipbuf_offer(bipbuf_t* me, const unsigned char *data, const int size)
        -:  110:{
        -:  111:    /* not enough space */
      322:  112:    if (bipbuf_unused(me) < size)
        -:  113:        return 0;
        -:  114:
      322:  115:    if (1 == me->b_inuse)
        -:  116:    {
    #####:  117:        memcpy(me->data + me->b_end, data, size);
    #####:  118:        me->b_end += size;
        -:  119:    }
        -:  120:    else
        -:  121:    {
      644:  122:        memcpy(me->data + me->a_end, data, size);
      322:  123:        me->a_end += size;
        -:  124:    }
        -:  125:
        -:  126:    __check_for_switch_to_b(me);
        -:  127:    return size;
        -:  128:}
        -:  129:
    #####:  130:unsigned char *bipbuf_peek(const bipbuf_t* me, const unsigned int size)
        -:  131:{
        -:  132:    /* make sure we can actually peek at this data */
    #####:  133:    if (me->size < me->a_start + size)
        -:  134:        return NULL;
        -:  135:
    #####:  136:    if (bipbuf_is_empty(me))
        -:  137:        return NULL;
        -:  138:
    #####:  139:    return (unsigned char *)me->data + me->a_start;
        -:  140:}
        -:  141:
    52408:  142:unsigned char *bipbuf_peek_all(const bipbuf_t* me, unsigned int *size)
        -:  143:{
    52408:  144:    if (bipbuf_is_empty(me))
        -:  145:        return NULL;
        -:  146:
     6427:  147:    *size = me->a_end - me->a_start;
     6427:  148:    return (unsigned char*)me->data + me->a_start;
        -:  149:}
        -:  150:
     1141:  151:unsigned char *bipbuf_poll(bipbuf_t* me, const unsigned int size)
        -:  152:{
     1141:  153:    if (bipbuf_is_empty(me))
        -:  154:        return NULL;
        -:  155:
        -:  156:    /* make sure we can actually poll this data */
     1141:  157:    if (me->size < me->a_start + size)
        -:  158:        return NULL;
        -:  159:
     1141:  160:    void *end = me->data + me->a_start;
     1141:  161:    me->a_start += size;
        -:  162:
        -:  163:    /* we seem to be empty.. */
     1141:  164:    if (me->a_start == me->a_end)
        -:  165:    {
        -:  166:        /* replace a with region b */
      588:  167:        if (1 == me->b_inuse)
        -:  168:        {
      181:  169:            me->a_start = 0;
      181:  170:            me->a_end = me->b_end;
      181:  171:            me->b_end = me->b_inuse = 0;
        -:  172:        }
        -:  173:        else
        -:  174:            /* safely move cursor back to the start because we are empty */
      407:  175:            me->a_start = me->a_end = 0;
        -:  176:    }
        -:  177:
        -:  178:    __check_for_switch_to_b(me);
        -:  179:    return end;
        -:  180:}
