        -:    0:Source:memcached.c
        -:    0:Graph:memcached.gcno
        -:    0:Data:memcached.gcda
        -:    0:Runs:119
        -:    0:Programs:1
        -:    1:/* -*- Mode: C; tab-width: 4; c-basic-offset: 4; indent-tabs-mode: nil -*- */
        -:    2:/*
        -:    3: *  memcached - memory caching daemon
        -:    4: *
        -:    5: *       http://www.memcached.org/
        -:    6: *
        -:    7: *  Copyright 2003 Danga Interactive, Inc.  All rights reserved.
        -:    8: *
        -:    9: *  Use and distribution licensed under the BSD license.  See
        -:   10: *  the LICENSE file for full text.
        -:   11: *
        -:   12: *  Authors:
        -:   13: *      Anatoly Vorobey <mellon@pobox.com>
        -:   14: *      Brad Fitzpatrick <brad@danga.com>
        -:   15: */
        -:   16:#include "memcached.h"
        -:   17:#ifdef EXTSTORE
        -:   18:#include "storage.h"
        -:   19:#endif
        -:   20:#include <sys/stat.h>
        -:   21:#include <sys/socket.h>
        -:   22:#include <sys/un.h>
        -:   23:#include <signal.h>
        -:   24:#include <sys/param.h>
        -:   25:#include <sys/resource.h>
        -:   26:#include <sys/uio.h>
        -:   27:#include <ctype.h>
        -:   28:#include <stdarg.h>
        -:   29:
        -:   30:/* some POSIX systems need the following definition
        -:   31: * to get mlockall flags out of sys/mman.h.  */
        -:   32:#ifndef _P1003_1B_VISIBLE
        -:   33:#define _P1003_1B_VISIBLE
        -:   34:#endif
        -:   35:/* need this to get IOV_MAX on some platforms. */
        -:   36:#ifndef __need_IOV_MAX
        -:   37:#define __need_IOV_MAX
        -:   38:#endif
        -:   39:#include <pwd.h>
        -:   40:#include <sys/mman.h>
        -:   41:#include <fcntl.h>
        -:   42:#include <netinet/tcp.h>
        -:   43:#include <arpa/inet.h>
        -:   44:#include <errno.h>
        -:   45:#include <stdlib.h>
        -:   46:#include <stdio.h>
        -:   47:#include <string.h>
        -:   48:#include <time.h>
        -:   49:#include <assert.h>
        -:   50:#include <limits.h>
        -:   51:#include <sysexits.h>
        -:   52:#include <stddef.h>
        -:   53:
        -:   54:#ifdef HAVE_GETOPT_LONG
        -:   55:#include <getopt.h>
        -:   56:#endif
        -:   57:
        -:   58:/* FreeBSD 4.x doesn't have IOV_MAX exposed. */
        -:   59:#ifndef IOV_MAX
        -:   60:#if defined(__FreeBSD__) || defined(__APPLE__) || defined(__GNU__)
        -:   61:# define IOV_MAX 1024
        -:   62:/* GNU/Hurd don't set MAXPATHLEN
        -:   63: * http://www.gnu.org/software/hurd/hurd/porting/guidelines.html#PATH_MAX_tt_MAX_PATH_tt_MAXPATHL */
        -:   64:#ifndef MAXPATHLEN
        -:   65:#define MAXPATHLEN 4096
        -:   66:#endif
        -:   67:#endif
        -:   68:#endif
        -:   69:
        -:   70:/*
        -:   71: * forward declarations
        -:   72: */
        -:   73:static void drive_machine(conn *c);
        -:   74:static int new_socket(struct addrinfo *ai);
        -:   75:static int try_read_command(conn *c);
        -:   76:
        -:   77:enum try_read_result {
        -:   78:    READ_DATA_RECEIVED,
        -:   79:    READ_NO_DATA_RECEIVED,
        -:   80:    READ_ERROR,            /** an error occurred (on the socket) (or client closed connection) */
        -:   81:    READ_MEMORY_ERROR      /** failed to allocate more memory */
        -:   82:};
        -:   83:
        -:   84:static enum try_read_result try_read_network(conn *c);
        -:   85:static enum try_read_result try_read_udp(conn *c);
        -:   86:
        -:   87:static void conn_set_state(conn *c, enum conn_states state);
        -:   88:static int start_conn_timeout_thread();
        -:   89:
        -:   90:/* stats */
        -:   91:static void stats_init(void);
        -:   92:static void server_stats(ADD_STAT add_stats, conn *c);
        -:   93:static void process_stat_settings(ADD_STAT add_stats, void *c);
        -:   94:static void conn_to_str(const conn *c, char *buf);
        -:   95:
        -:   96:
        -:   97:/* defaults */
        -:   98:static void settings_init(void);
        -:   99:
        -:  100:/* event handling, network IO */
        -:  101:static void event_handler(const int fd, const short which, void *arg);
        -:  102:static void conn_close(conn *c);
        -:  103:static void conn_init(void);
        -:  104:static bool update_event(conn *c, const int new_flags);
        -:  105:static void complete_nread(conn *c);
        -:  106:static void process_command(conn *c, char *command);
        -:  107:static void write_and_free(conn *c, char *buf, int bytes);
        -:  108:static int ensure_iov_space(conn *c);
        -:  109:static int add_iov(conn *c, const void *buf, int len);
        -:  110:static int add_chunked_item_iovs(conn *c, item *it, int len);
        -:  111:static int add_msghdr(conn *c);
        -:  112:static void write_bin_error(conn *c, protocol_binary_response_status err,
        -:  113:                            const char *errstr, int swallow);
        -:  114:static void write_bin_miss_response(conn *c, char *key, size_t nkey);
        -:  115:
        -:  116:#ifdef EXTSTORE
        -:  117:static void _get_extstore_cb(void *e, obj_io *io, int ret);
        -:  118:static inline int _get_extstore(conn *c, item *it, int iovst, int iovcnt);
        -:  119:#endif
        -:  120:static void conn_free(conn *c);
        -:  121:
        -:  122:/** exported globals **/
        -:  123:struct stats stats;
        -:  124:struct stats_state stats_state;
        -:  125:struct settings settings;
        -:  126:time_t process_started;     /* when the process was started */
        -:  127:conn **conns;
        -:  128:
        -:  129:struct slab_rebalance slab_rebal;
        -:  130:volatile int slab_rebalance_signal;
        -:  131:#ifdef EXTSTORE
        -:  132:/* hoping this is temporary; I'd prefer to cut globals, but will complete this
        -:  133: * battle another day.
        -:  134: */
        -:  135:void *ext_storage;
        -:  136:#endif
        -:  137:/** file scope variables **/
        -:  138:static conn *listen_conn = NULL;
        -:  139:static int max_fds;
        -:  140:static struct event_base *main_base;
        -:  141:
        -:  142:enum transmit_result {
        -:  143:    TRANSMIT_COMPLETE,   /** All done writing. */
        -:  144:    TRANSMIT_INCOMPLETE, /** More data remaining to write. */
        -:  145:    TRANSMIT_SOFT_ERROR, /** Can't write any more right now. */
        -:  146:    TRANSMIT_HARD_ERROR  /** Can't write (c->state is set to conn_closing) */
        -:  147:};
        -:  148:
        -:  149:static enum transmit_result transmit(conn *c);
        -:  150:
        -:  151:/* This reduces the latency without adding lots of extra wiring to be able to
        -:  152: * notify the listener thread of when to listen again.
        -:  153: * Also, the clock timer could be broken out into its own thread and we
        -:  154: * can block the listener via a condition.
        -:  155: */
        -:  156:static volatile bool allow_new_conns = true;
        -:  157:static struct event maxconnsevent;
    #####:  158:static void maxconns_handler(const int fd, const short which, void *arg) {
    #####:  159:    struct timeval t = {.tv_sec = 0, .tv_usec = 10000};
        -:  160:
    #####:  161:    if (fd == -42 || allow_new_conns == false) {
        -:  162:        /* reschedule in 10ms if we need to keep polling */
    #####:  163:        evtimer_set(&maxconnsevent, maxconns_handler, 0);
    #####:  164:        event_base_set(main_base, &maxconnsevent);
    #####:  165:        evtimer_add(&maxconnsevent, &t);
        -:  166:    } else {
    #####:  167:        evtimer_del(&maxconnsevent);
    #####:  168:        accept_new_conns(true);
        -:  169:    }
    #####:  170:}
        -:  171:
        -:  172:#define REALTIME_MAXDELTA 60*60*24*30
        -:  173:
        -:  174:/*
        -:  175: * given time value that's either unix time or delta from current unix time, return
        -:  176: * unix time. Use the fact that delta can't exceed one month (and real time value can't
        -:  177: * be that low).
        -:  178: */
        -:  179:static rel_time_t realtime(const time_t exptime) {
        -:  180:    /* no. of seconds in 30 days - largest possible delta exptime */
        -:  181:
   102982:  182:    if (exptime == 0) return 0; /* 0 means never expire */
        -:  183:
      433:  184:    if (exptime > REALTIME_MAXDELTA) {
        -:  185:        /* if item expiration is at/before the server started, give it an
        -:  186:           expiration time of 1 second after the server started.
        -:  187:           (because 0 means don't expire).  without this, we'd
        -:  188:           underflow and wrap around to some large value way in the
        -:  189:           future, effectively making items expiring in the past
        -:  190:           really expiring never */
        6:  191:        if (exptime <= process_started)
        -:  192:            return (rel_time_t)1;
        4:  193:        return (rel_time_t)(exptime - process_started);
        -:  194:    } else {
      427:  195:        return (rel_time_t)(exptime + current_time);
        -:  196:    }
        -:  197:}
        -:  198:
       95:  199:static void stats_init(void) {
       95:  200:    memset(&stats, 0, sizeof(struct stats));
       95:  201:    memset(&stats_state, 0, sizeof(struct stats_state));
       95:  202:    stats_state.accepting_conns = true; /* assuming we start in this state. */
        -:  203:
        -:  204:    /* make the time we started always be 2 seconds before we really
        -:  205:       did, so time(0) - time.started is never zero.  if so, things
        -:  206:       like 'settings.oldest_live' which act as booleans as well as
        -:  207:       values are now false in boolean context... */
       95:  208:    process_started = time(0) - ITEM_UPDATE_INTERVAL - 2;
       95:  209:    stats_prefix_init();
       95:  210:}
        -:  211:
        3:  212:static void stats_reset(void) {
        3:  213:    STATS_LOCK();
        3:  214:    memset(&stats, 0, sizeof(struct stats));
        3:  215:    stats_prefix_clear();
        3:  216:    STATS_UNLOCK();
        3:  217:    threadlocal_stats_reset();
        3:  218:    item_stats_reset();
        3:  219:}
        -:  220:
      119:  221:static void settings_init(void) {
      119:  222:    settings.use_cas = true;
      119:  223:    settings.access = 0700;
      119:  224:    settings.port = 11211;
      119:  225:    settings.udpport = 0;
        -:  226:    /* By default this string should be NULL for getaddrinfo() */
      119:  227:    settings.inter = NULL;
      119:  228:    settings.maxbytes = 64 * 1024 * 1024; /* default is 64MB */
      119:  229:    settings.maxconns = 1024;         /* to limit connections-related memory to about 5MB */
      119:  230:    settings.verbose = 0;
      119:  231:    settings.oldest_live = 0;
      119:  232:    settings.oldest_cas = 0;          /* supplements accuracy of oldest_live */
      119:  233:    settings.evict_to_free = 1;       /* push old items out of cache when memory runs out */
      119:  234:    settings.socketpath = NULL;       /* by default, not using a unix socket */
      119:  235:    settings.factor = 1.25;
      119:  236:    settings.chunk_size = 48;         /* space for a modest key and value */
      119:  237:    settings.num_threads = 4;         /* N workers */
      119:  238:    settings.num_threads_per_udp = 0;
      119:  239:    settings.prefix_delimiter = ':';
      119:  240:    settings.detail_enabled = 0;
      119:  241:    settings.reqs_per_event = 20;
      119:  242:    settings.backlog = 1024;
      119:  243:    settings.binding_protocol = negotiating_prot;
      119:  244:    settings.item_size_max = 1024 * 1024; /* The famous 1MB upper limit. */
      119:  245:    settings.slab_page_size = 1024 * 1024; /* chunks are split from 1MB pages. */
      119:  246:    settings.slab_chunk_size_max = settings.slab_page_size / 2;
      119:  247:    settings.sasl = false;
      119:  248:    settings.maxconns_fast = true;
      119:  249:    settings.lru_crawler = false;
      119:  250:    settings.lru_crawler_sleep = 100;
      119:  251:    settings.lru_crawler_tocrawl = 0;
      119:  252:    settings.lru_maintainer_thread = false;
      119:  253:    settings.lru_segmented = true;
      119:  254:    settings.hot_lru_pct = 20;
      119:  255:    settings.warm_lru_pct = 40;
      119:  256:    settings.hot_max_factor = 0.2;
      119:  257:    settings.warm_max_factor = 2.0;
      119:  258:    settings.inline_ascii_response = false;
      119:  259:    settings.temp_lru = false;
      119:  260:    settings.temporary_ttl = 61;
      119:  261:    settings.idle_timeout = 0; /* disabled */
      119:  262:    settings.hashpower_init = 0;
      119:  263:    settings.slab_reassign = true;
      119:  264:    settings.slab_automove = 1;
      119:  265:    settings.slab_automove_ratio = 0.8;
      119:  266:    settings.slab_automove_window = 30;
      119:  267:    settings.shutdown_command = false;
      119:  268:    settings.tail_repair_time = TAIL_REPAIR_TIME_DEFAULT;
      119:  269:    settings.flush_enabled = true;
      119:  270:    settings.dump_enabled = true;
      119:  271:    settings.crawls_persleep = 1000;
      119:  272:    settings.logger_watcher_buf_size = LOGGER_WATCHER_BUF_SIZE;
      119:  273:    settings.logger_buf_size = LOGGER_BUF_SIZE;
      119:  274:    settings.drop_privileges = false;
        -:  275:#ifdef MEMCACHED_DEBUG
      119:  276:    settings.relaxed_privileges = false;
        -:  277:#endif
      119:  278:}
        -:  279:
        -:  280:/*
        -:  281: * Adds a message header to a connection.
        -:  282: *
        -:  283: * Returns 0 on success, -1 on out-of-memory.
        -:  284: */
   250149:  285:static int add_msghdr(conn *c)
        -:  286:{
        -:  287:    struct msghdr *msg;
        -:  288:
   250149:  289:    assert(c != NULL);
        -:  290:
   250149:  291:    if (c->msgsize == c->msgused) {
    #####:  292:        msg = realloc(c->msglist, c->msgsize * 2 * sizeof(struct msghdr));
    #####:  293:        if (! msg) {
    #####:  294:            STATS_LOCK();
    #####:  295:            stats.malloc_fails++;
    #####:  296:            STATS_UNLOCK();
    #####:  297:            return -1;
        -:  298:        }
    #####:  299:        c->msglist = msg;
    #####:  300:        c->msgsize *= 2;
        -:  301:    }
        -:  302:
   250149:  303:    msg = c->msglist + c->msgused;
        -:  304:
        -:  305:    /* this wipes msg_iovlen, msg_control, msg_controllen, and
        -:  306:       msg_flags, the last 3 of which aren't defined on solaris: */
   250149:  307:    memset(msg, 0, sizeof(struct msghdr));
        -:  308:
   250149:  309:    msg->msg_iov = &c->iov[c->iovused];
        -:  310:
   250149:  311:    if (IS_UDP(c->transport) && c->request_addr_size > 0) {
       29:  312:        msg->msg_name = &c->request_addr;
       29:  313:        msg->msg_namelen = c->request_addr_size;
        -:  314:    }
        -:  315:
   250149:  316:    c->msgbytes = 0;
   250149:  317:    c->msgused++;
        -:  318:
   250149:  319:    if (IS_UDP(c->transport)) {
        -:  320:        /* Leave room for the UDP header, which we'll fill in later. */
       29:  321:        return add_iov(c, NULL, UDP_HEADER_SIZE);
        -:  322:    }
        -:  323:
        -:  324:    return 0;
        -:  325:}
        -:  326:
        -:  327:extern pthread_mutex_t conn_lock;
        -:  328:
        -:  329:/* Connection timeout thread bits */
        -:  330:static pthread_t conn_timeout_tid;
        -:  331:
        -:  332:#define CONNS_PER_SLICE 100
        -:  333:#define TIMEOUT_MSG_SIZE (1 + sizeof(int))
        1:  334:static void *conn_timeout_thread(void *arg) {
        -:  335:    int i;
        -:  336:    conn *c;
        -:  337:    char buf[TIMEOUT_MSG_SIZE];
        -:  338:    rel_time_t oldest_last_cmd;
        -:  339:    int sleep_time;
        1:  340:    useconds_t timeslice = 1000000 / (max_fds / CONNS_PER_SLICE);
        -:  341:
        -:  342:    while(1) {
        2:  343:        if (settings.verbose > 2)
    #####:  344:            fprintf(stderr, "idle timeout thread at top of connection list\n");
        -:  345:
        2:  346:        oldest_last_cmd = current_time;
        -:  347:
     2050:  348:        for (i = 0; i < max_fds; i++) {
     2048:  349:            if ((i % CONNS_PER_SLICE) == 0) {
       22:  350:                if (settings.verbose > 2)
    #####:  351:                    fprintf(stderr, "idle timeout thread sleeping for %ulus\n",
        -:  352:                        (unsigned int)timeslice);
       22:  353:                usleep(timeslice);
        -:  354:            }
        -:  355:
     2048:  356:            if (!conns[i])
     2036:  357:                continue;
        -:  358:
       12:  359:            c = conns[i];
        -:  360:
       12:  361:            if (!IS_TCP(c->transport))
        8:  362:                continue;
        -:  363:
        4:  364:            if (c->state != conn_new_cmd && c->state != conn_read)
        2:  365:                continue;
        -:  366:
        2:  367:            if ((current_time - c->last_cmd_time) > settings.idle_timeout) {
        1:  368:                buf[0] = 't';
        1:  369:                memcpy(&buf[1], &i, sizeof(int));
        1:  370:                if (write(c->thread->notify_send_fd, buf, TIMEOUT_MSG_SIZE)
        -:  371:                    != TIMEOUT_MSG_SIZE)
    #####:  372:                    perror("Failed to write timeout to notify pipe");
        -:  373:            } else {
        1:  374:                if (c->last_cmd_time < oldest_last_cmd)
    #####:  375:                    oldest_last_cmd = c->last_cmd_time;
        -:  376:            }
        -:  377:        }
        -:  378:
        -:  379:        /* This is the soonest we could have another connection time out */
        2:  380:        sleep_time = settings.idle_timeout - (current_time - oldest_last_cmd) + 1;
        2:  381:        if (sleep_time <= 0)
    #####:  382:            sleep_time = 1;
        -:  383:
        2:  384:        if (settings.verbose > 2)
    #####:  385:            fprintf(stderr,
        -:  386:                    "idle timeout thread finished pass, sleeping for %ds\n",
        -:  387:                    sleep_time);
        2:  388:        usleep((useconds_t) sleep_time * 1000000);
        1:  389:    }
        -:  390:
        -:  391:    return NULL;
        -:  392:}
        -:  393:
        1:  394:static int start_conn_timeout_thread() {
        -:  395:    int ret;
        -:  396:
        1:  397:    if (settings.idle_timeout == 0)
        -:  398:        return -1;
        -:  399:
        1:  400:    if ((ret = pthread_create(&conn_timeout_tid, NULL,
        -:  401:        conn_timeout_thread, NULL)) != 0) {
    #####:  402:        fprintf(stderr, "Can't create idle connection timeout thread: %s\n",
        -:  403:            strerror(ret));
    #####:  404:        return -1;
        -:  405:    }
        -:  406:
        -:  407:    return 0;
        -:  408:}
        -:  409:
        -:  410:/*
        -:  411: * Initializes the connections array. We don't actually allocate connection
        -:  412: * structures until they're needed, so as to avoid wasting memory when the
        -:  413: * maximum connection count is much higher than the actual number of
        -:  414: * connections.
        -:  415: *
        -:  416: * This does end up wasting a few pointers' worth of memory for FDs that are
        -:  417: * used for things other than connections, but that's worth it in exchange for
        -:  418: * being able to directly index the conns array by FD.
        -:  419: */
       95:  420:static void conn_init(void) {
        -:  421:    /* We're unlikely to see an FD much higher than maxconns. */
       95:  422:    int next_fd = dup(1);
       95:  423:    int headroom = 10;      /* account for extra unexpected open FDs */
        -:  424:    struct rlimit rl;
        -:  425:
       95:  426:    max_fds = settings.maxconns + headroom + next_fd;
        -:  427:
        -:  428:    /* But if possible, get the actual highest FD we can possibly ever see. */
       95:  429:    if (getrlimit(RLIMIT_NOFILE, &rl) == 0) {
       95:  430:        max_fds = rl.rlim_max;
        -:  431:    } else {
    #####:  432:        fprintf(stderr, "Failed to query maximum file descriptor; "
        -:  433:                        "falling back to maxconns\n");
        -:  434:    }
        -:  435:
       95:  436:    close(next_fd);
        -:  437:
       95:  438:    if ((conns = calloc(max_fds, sizeof(conn *))) == NULL) {
    #####:  439:        fprintf(stderr, "Failed to allocate connection structures\n");
        -:  440:        /* This is unrecoverable so bail out early. */
    #####:  441:        exit(1);
        -:  442:    }
       95:  443:}
        -:  444:
        -:  445:static const char *prot_text(enum protocol prot) {
       20:  446:    char *rv = "unknown";
        -:  447:    switch(prot) {
        -:  448:        case ascii_prot:
        -:  449:            rv = "ascii";
        -:  450:            break;
        -:  451:        case binary_prot:
        -:  452:            rv = "binary";
        -:  453:            break;
        -:  454:        case negotiating_prot:
        -:  455:            rv = "auto-negotiate";
        -:  456:            break;
        -:  457:    }
        -:  458:    return rv;
        -:  459:}
        -:  460:
        1:  461:void conn_close_idle(conn *c) {
        2:  462:    if (settings.idle_timeout > 0 &&
        1:  463:        (current_time - c->last_cmd_time) > settings.idle_timeout) {
        1:  464:        if (c->state != conn_new_cmd && c->state != conn_read) {
    #####:  465:            if (settings.verbose > 1)
    #####:  466:                fprintf(stderr,
        -:  467:                    "fd %d wants to timeout, but isn't in read state", c->sfd);
        -:  468:            return;
        -:  469:        }
        -:  470:
        1:  471:        if (settings.verbose > 1)
    #####:  472:            fprintf(stderr, "Closing idle fd %d\n", c->sfd);
        -:  473:
        1:  474:        c->thread->stats.idle_kicks++;
        -:  475:
        1:  476:        conn_set_state(c, conn_closing);
        1:  477:        drive_machine(c);
        -:  478:    }
        -:  479:}
        -:  480:
        -:  481:/* bring conn back from a sidethread. could have had its event base moved. */
        1:  482:void conn_worker_readd(conn *c) {
        1:  483:    c->ev_flags = EV_READ | EV_PERSIST;
        1:  484:    event_set(&c->event, c->sfd, c->ev_flags, event_handler, (void *)c);
        1:  485:    event_base_set(c->thread->base, &c->event);
        1:  486:    c->state = conn_new_cmd;
        -:  487:
        -:  488:    // TODO: call conn_cleanup/fail/etc
        1:  489:    if (event_add(&c->event, 0) == -1) {
    #####:  490:        perror("event_add");
        -:  491:    }
        -:  492:#ifdef EXTSTORE
        -:  493:    // If we had IO objects, process
        -:  494:    if (c->io_wraplist) {
        -:  495:        //assert(c->io_wrapleft == 0); // assert no more to process
        -:  496:        conn_set_state(c, conn_mwrite);
        -:  497:        drive_machine(c);
        -:  498:    }
        -:  499:#endif
        1:  500:}
        -:  501:
      286:  502:conn *conn_new(const int sfd, enum conn_states init_state,
        -:  503:                const int event_flags,
        -:  504:                const int read_buffer_size, enum network_transport transport,
        -:  505:                struct event_base *base) {
        -:  506:    conn *c;
        -:  507:
      286:  508:    assert(sfd >= 0 && sfd < max_fds);
      287:  509:    c = conns[sfd];
        -:  510:
      287:  511:    if (NULL == c) {
      277:  512:        if (!(c = (conn *)calloc(1, sizeof(conn)))) {
    #####:  513:            STATS_LOCK();
    #####:  514:            stats.malloc_fails++;
    #####:  515:            STATS_UNLOCK();
    #####:  516:            fprintf(stderr, "Failed to allocate connection object\n");
    #####:  517:            return NULL;
        -:  518:        }
        -:  519:        MEMCACHED_CONN_CREATE(c);
        -:  520:
      277:  521:        c->rbuf = c->wbuf = 0;
      277:  522:        c->ilist = 0;
      277:  523:        c->suffixlist = 0;
      277:  524:        c->iov = 0;
      277:  525:        c->msglist = 0;
      277:  526:        c->hdrbuf = 0;
        -:  527:
      277:  528:        c->rsize = read_buffer_size;
      277:  529:        c->wsize = DATA_BUFFER_SIZE;
      277:  530:        c->isize = ITEM_LIST_INITIAL;
      277:  531:        c->suffixsize = SUFFIX_LIST_INITIAL;
      277:  532:        c->iovsize = IOV_LIST_INITIAL;
      277:  533:        c->msgsize = MSG_LIST_INITIAL;
      277:  534:        c->hdrsize = 0;
        -:  535:
      277:  536:        c->rbuf = (char *)malloc((size_t)c->rsize);
      277:  537:        c->wbuf = (char *)malloc((size_t)c->wsize);
      277:  538:        c->ilist = (item **)malloc(sizeof(item *) * c->isize);
      277:  539:        c->suffixlist = (char **)malloc(sizeof(char *) * c->suffixsize);
      277:  540:        c->iov = (struct iovec *)malloc(sizeof(struct iovec) * c->iovsize);
      277:  541:        c->msglist = (struct msghdr *)malloc(sizeof(struct msghdr) * c->msgsize);
        -:  542:
      277:  543:        if (c->rbuf == 0 || c->wbuf == 0 || c->ilist == 0 || c->iov == 0 ||
      281:  544:                c->msglist == 0 || c->suffixlist == 0) {
       -4:  545:            conn_free(c);
    #####:  546:            STATS_LOCK();
    #####:  547:            stats.malloc_fails++;
    #####:  548:            STATS_UNLOCK();
    #####:  549:            fprintf(stderr, "Failed to allocate buffers for connection\n");
    #####:  550:            return NULL;
        -:  551:        }
        -:  552:
      281:  553:        STATS_LOCK();
      281:  554:        stats_state.conn_structs++;
      281:  555:        STATS_UNLOCK();
        -:  556:
      281:  557:        c->sfd = sfd;
      281:  558:        conns[sfd] = c;
        -:  559:    }
        -:  560:
      291:  561:    c->transport = transport;
      291:  562:    c->protocol = settings.binding_protocol;
        -:  563:
        -:  564:    /* unix socket mode doesn't need this, so zeroed out.  but why
        -:  565:     * is this done for every command?  presumably for UDP
        -:  566:     * mode.  */
      291:  567:    if (!settings.socketpath) {
      126:  568:        c->request_addr_size = sizeof(c->request_addr);
        -:  569:    } else {
      165:  570:        c->request_addr_size = 0;
        -:  571:    }
        -:  572:
      291:  573:    if (transport == tcp_transport && init_state == conn_new_cmd) {
       20:  574:        if (getpeername(sfd, (struct sockaddr *) &c->request_addr,
        -:  575:                        &c->request_addr_size)) {
    #####:  576:            perror("getpeername");
    #####:  577:            memset(&c->request_addr, 0, sizeof(c->request_addr));
        -:  578:        }
        -:  579:    }
        -:  580:
      291:  581:    if (settings.verbose > 1) {
        6:  582:        if (init_state == conn_listening) {
        6:  583:            fprintf(stderr, "<%d server listening (%s)\n", sfd,
        -:  584:                prot_text(c->protocol));
        3:  585:        } else if (IS_UDP(transport)) {
    #####:  586:            fprintf(stderr, "<%d server listening (udp)\n", sfd);
        3:  587:        } else if (c->protocol == negotiating_prot) {
        1:  588:            fprintf(stderr, "<%d new auto-negotiating client connection\n",
        -:  589:                    sfd);
        2:  590:        } else if (c->protocol == ascii_prot) {
        1:  591:            fprintf(stderr, "<%d new ascii client connection.\n", sfd);
        1:  592:        } else if (c->protocol == binary_prot) {
        1:  593:            fprintf(stderr, "<%d new binary client connection.\n", sfd);
        -:  594:        } else {
    #####:  595:            fprintf(stderr, "<%d new unknown (%d) client connection\n",
        -:  596:                sfd, c->protocol);
    #####:  597:            assert(false);
        -:  598:        }
        -:  599:    }
        -:  600:
      291:  601:    c->state = init_state;
      291:  602:    c->rlbytes = 0;
      291:  603:    c->cmd = -1;
      291:  604:    c->rbytes = c->wbytes = 0;
      291:  605:    c->wcurr = c->wbuf;
      291:  606:    c->rcurr = c->rbuf;
      291:  607:    c->ritem = 0;
      291:  608:    c->icurr = c->ilist;
      291:  609:    c->suffixcurr = c->suffixlist;
      291:  610:    c->ileft = 0;
      291:  611:    c->suffixleft = 0;
      291:  612:    c->iovused = 0;
      291:  613:    c->msgcurr = 0;
      291:  614:    c->msgused = 0;
      291:  615:    c->sasl_started = false;
      291:  616:    c->authenticated = false;
      291:  617:    c->last_cmd_time = current_time; /* initialize for idle kicker */
        -:  618:#ifdef EXTSTORE
        -:  619:    c->io_wraplist = NULL;
        -:  620:    c->io_wrapleft = 0;
        -:  621:#endif
        -:  622:
      291:  623:    c->write_and_go = init_state;
      291:  624:    c->write_and_free = 0;
      291:  625:    c->item = 0;
        -:  626:
      291:  627:    c->noreply = false;
        -:  628:
      291:  629:    event_set(&c->event, sfd, event_flags, event_handler, (void *)c);
      291:  630:    event_base_set(base, &c->event);
      291:  631:    c->ev_flags = event_flags;
        -:  632:
      291:  633:    if (event_add(&c->event, 0) == -1) {
    #####:  634:        perror("event_add");
    #####:  635:        return NULL;
        -:  636:    }
        -:  637:
      289:  638:    STATS_LOCK();
      291:  639:    stats_state.curr_conns++;
      291:  640:    stats.total_conns++;
      291:  641:    STATS_UNLOCK();
        -:  642:
        -:  643:    MEMCACHED_CONN_ALLOCATE(c->sfd);
        -:  644:
      291:  645:    return c;
        -:  646:}
        -:  647:#ifdef EXTSTORE
        -:  648:static void recache_or_free(conn *c, io_wrap *wrap) {
        -:  649:    item *it;
        -:  650:    it = (item *)wrap->io.buf;
        -:  651:    bool do_free = true;
        -:  652:    if (wrap->active) {
        -:  653:        // If request never dispatched, free the read buffer but leave the
        -:  654:        // item header alone.
        -:  655:        do_free = false;
        -:  656:        size_t ntotal = ITEM_ntotal(wrap->hdr_it);
        -:  657:        slabs_free(it, ntotal, slabs_clsid(ntotal));
        -:  658:        c->io_wrapleft--;
        -:  659:        assert(c->io_wrapleft >= 0);
        -:  660:        pthread_mutex_lock(&c->thread->stats.mutex);
        -:  661:        c->thread->stats.get_aborted_extstore++;
        -:  662:        pthread_mutex_unlock(&c->thread->stats.mutex);
        -:  663:    } else if (wrap->miss) {
        -:  664:        // If request was ultimately a miss, unlink the header.
        -:  665:        do_free = false;
        -:  666:        size_t ntotal = ITEM_ntotal(wrap->hdr_it);
        -:  667:        item_unlink(wrap->hdr_it);
        -:  668:        slabs_free(it, ntotal, slabs_clsid(ntotal));
        -:  669:        pthread_mutex_lock(&c->thread->stats.mutex);
        -:  670:        c->thread->stats.miss_from_extstore++;
        -:  671:        if (wrap->badcrc)
        -:  672:            c->thread->stats.badcrc_from_extstore++;
        -:  673:        pthread_mutex_unlock(&c->thread->stats.mutex);
        -:  674:    } else if (settings.ext_recache_rate) {
        -:  675:        // hashvalue is cuddled during store
        -:  676:        uint32_t hv = (uint32_t)it->time;
        -:  677:        // opt to throw away rather than wait on a lock.
        -:  678:        void *hold_lock = item_trylock(hv);
        -:  679:        if (hold_lock != NULL) {
        -:  680:            item *h_it = wrap->hdr_it;
        -:  681:            uint8_t flags = ITEM_LINKED|ITEM_FETCHED|ITEM_ACTIVE;
        -:  682:            // Item must be recently hit at least twice to recache.
        -:  683:            if (((h_it->it_flags & flags) == flags) &&
        -:  684:                    h_it->time > current_time - ITEM_UPDATE_INTERVAL &&
        -:  685:                    c->recache_counter++ % settings.ext_recache_rate == 0) {
        -:  686:                do_free = false;
        -:  687:                // In case it's been updated.
        -:  688:                it->exptime = h_it->exptime;
        -:  689:                it->it_flags &= ~ITEM_LINKED;
        -:  690:                it->refcount = 0;
        -:  691:                it->h_next = NULL; // might not be necessary.
        -:  692:                STORAGE_delete(c->thread->storage, h_it);
        -:  693:                item_replace(h_it, it, hv);
        -:  694:                pthread_mutex_lock(&c->thread->stats.mutex);
        -:  695:                c->thread->stats.recache_from_extstore++;
        -:  696:                pthread_mutex_unlock(&c->thread->stats.mutex);
        -:  697:            }
        -:  698:        }
        -:  699:        if (hold_lock)
        -:  700:            item_trylock_unlock(hold_lock);
        -:  701:    }
        -:  702:    if (do_free)
        -:  703:        slabs_free(it, ITEM_ntotal(it), ITEM_clsid(it));
        -:  704:
        -:  705:    wrap->io.buf = NULL; // sanity.
        -:  706:    wrap->io.next = NULL;
        -:  707:    wrap->next = NULL;
        -:  708:    wrap->active = false;
        -:  709:
        -:  710:    // TODO: reuse lock and/or hv.
        -:  711:    item_remove(wrap->hdr_it);
        -:  712:}
        -:  713:#endif
   117261:  714:static void conn_release_items(conn *c) {
   117261:  715:    assert(c != NULL);
        -:  716:
   117261:  717:    if (c->item) {
      788:  718:        item_remove(c->item);
      788:  719:        c->item = 0;
        -:  720:    }
        -:  721:
   148699:  722:    while (c->ileft > 0) {
    31438:  723:        item *it = *(c->icurr);
    31438:  724:        assert((it->it_flags & ITEM_SLABBED) == 0);
    31438:  725:        item_remove(it);
    31438:  726:        c->icurr++;
    31438:  727:        c->ileft--;
        -:  728:    }
        -:  729:
   117261:  730:    if (c->suffixleft != 0) {
    31371:  731:        for (; c->suffixleft > 0; c->suffixleft--, c->suffixcurr++) {
    31371:  732:            do_cache_free(c->thread->suffix_cache, *(c->suffixcurr));
        -:  733:        }
        -:  734:    }
        -:  735:#ifdef EXTSTORE
        -:  736:    if (c->io_wraplist) {
        -:  737:        io_wrap *tmp = c->io_wraplist;
        -:  738:        while (tmp) {
        -:  739:            io_wrap *next = tmp->next;
        -:  740:            recache_or_free(c, tmp);
        -:  741:            do_cache_free(c->thread->io_cache, tmp); // lockless
        -:  742:            tmp = next;
        -:  743:        }
        -:  744:        c->io_wraplist = NULL;
        -:  745:    }
        -:  746:#endif
   117261:  747:    c->icurr = c->ilist;
   117261:  748:    c->suffixcurr = c->suffixlist;
   117261:  749:}
        -:  750:
       98:  751:static void conn_cleanup(conn *c) {
       98:  752:    assert(c != NULL);
        -:  753:
       98:  754:    conn_release_items(c);
        -:  755:
       98:  756:    if (c->write_and_free) {
        2:  757:        free(c->write_and_free);
        2:  758:        c->write_and_free = 0;
        -:  759:    }
        -:  760:
       98:  761:    if (c->sasl_conn) {
    #####:  762:        assert(settings.sasl);
        -:  763:        sasl_dispose(&c->sasl_conn);
    #####:  764:        c->sasl_conn = NULL;
        -:  765:    }
        -:  766:
       98:  767:    if (IS_UDP(c->transport)) {
    #####:  768:        conn_set_state(c, conn_read);
        -:  769:    }
       98:  770:}
        -:  771:
        -:  772:/*
        -:  773: * Frees a connection.
        -:  774: */
    #####:  775:void conn_free(conn *c) {
    #####:  776:    if (c) {
    #####:  777:        assert(c != NULL);
    #####:  778:        assert(c->sfd >= 0 && c->sfd < max_fds);
        -:  779:
        -:  780:        MEMCACHED_CONN_DESTROY(c);
    #####:  781:        conns[c->sfd] = NULL;
    #####:  782:        if (c->hdrbuf)
    #####:  783:            free(c->hdrbuf);
    #####:  784:        if (c->msglist)
    #####:  785:            free(c->msglist);
    #####:  786:        if (c->rbuf)
    #####:  787:            free(c->rbuf);
    #####:  788:        if (c->wbuf)
    #####:  789:            free(c->wbuf);
    #####:  790:        if (c->ilist)
    #####:  791:            free(c->ilist);
    #####:  792:        if (c->suffixlist)
    #####:  793:            free(c->suffixlist);
    #####:  794:        if (c->iov)
    #####:  795:            free(c->iov);
    #####:  796:        free(c);
        -:  797:    }
    #####:  798:}
        -:  799:
       98:  800:static void conn_close(conn *c) {
       98:  801:    assert(c != NULL);
        -:  802:
        -:  803:    /* delete the event, the socket and the conn */
       98:  804:    event_del(&c->event);
        -:  805:
       98:  806:    if (settings.verbose > 1)
        3:  807:        fprintf(stderr, "<%d connection closed.\n", c->sfd);
        -:  808:
       98:  809:    conn_cleanup(c);
        -:  810:
        -:  811:    MEMCACHED_CONN_RELEASE(c->sfd);
       98:  812:    conn_set_state(c, conn_closed);
       98:  813:    close(c->sfd);
        -:  814:
       98:  815:    pthread_mutex_lock(&conn_lock);
       98:  816:    allow_new_conns = true;
       98:  817:    pthread_mutex_unlock(&conn_lock);
        -:  818:
       98:  819:    STATS_LOCK();
       98:  820:    stats_state.curr_conns--;
       98:  821:    STATS_UNLOCK();
        -:  822:
       98:  823:    return;
        -:  824:}
        -:  825:
        -:  826:/*
        -:  827: * Shrinks a connection's buffers if they're too big.  This prevents
        -:  828: * periodic large "get" requests from permanently chewing lots of server
        -:  829: * memory.
        -:  830: *
        -:  831: * This should only be called in between requests since it can wipe output
        -:  832: * buffers!
        -:  833: */
   225565:  834:static void conn_shrink(conn *c) {
   225565:  835:    assert(c != NULL);
        -:  836:
   225565:  837:    if (IS_UDP(c->transport))
        -:  838:        return;
        -:  839:
   225548:  840:    if (c->rsize > READ_BUFFER_HIGHWAT && c->rbytes < DATA_BUFFER_SIZE) {
        -:  841:        char *newbuf;
        -:  842:
    12675:  843:        if (c->rcurr != c->rbuf)
    12675:  844:            memmove(c->rbuf, c->rcurr, (size_t)c->rbytes);
        -:  845:
    12675:  846:        newbuf = (char *)realloc((void *)c->rbuf, DATA_BUFFER_SIZE);
        -:  847:
    12675:  848:        if (newbuf) {
    12675:  849:            c->rbuf = newbuf;
    12675:  850:            c->rsize = DATA_BUFFER_SIZE;
        -:  851:        }
        -:  852:        /* TODO check other branch... */
    12675:  853:        c->rcurr = c->rbuf;
        -:  854:    }
        -:  855:
   225548:  856:    if (c->isize > ITEM_LIST_HIGHWAT) {
    #####:  857:        item **newbuf = (item**) realloc((void *)c->ilist, ITEM_LIST_INITIAL * sizeof(c->ilist[0]));
    #####:  858:        if (newbuf) {
    #####:  859:            c->ilist = newbuf;
    #####:  860:            c->isize = ITEM_LIST_INITIAL;
        -:  861:        }
        -:  862:    /* TODO check error condition? */
        -:  863:    }
        -:  864:
   225548:  865:    if (c->msgsize > MSG_LIST_HIGHWAT) {
    #####:  866:        struct msghdr *newbuf = (struct msghdr *) realloc((void *)c->msglist, MSG_LIST_INITIAL * sizeof(c->msglist[0]));
    #####:  867:        if (newbuf) {
    #####:  868:            c->msglist = newbuf;
    #####:  869:            c->msgsize = MSG_LIST_INITIAL;
        -:  870:        }
        -:  871:    /* TODO check error condition? */
        -:  872:    }
        -:  873:
   225548:  874:    if (c->iovsize > IOV_LIST_HIGHWAT) {
    #####:  875:        struct iovec *newbuf = (struct iovec *) realloc((void *)c->iov, IOV_LIST_INITIAL * sizeof(c->iov[0]));
    #####:  876:        if (newbuf) {
    #####:  877:            c->iov = newbuf;
    #####:  878:            c->iovsize = IOV_LIST_INITIAL;
        -:  879:        }
        -:  880:    /* TODO check return value */
        -:  881:    }
        -:  882:}
        -:  883:
        -:  884:/**
        -:  885: * Convert a state name to a human readable form.
        -:  886: */
        -:  887:static const char *state_text(enum conn_states state) {
       10:  888:    const char* const statenames[] = { "conn_listening",
        -:  889:                                       "conn_new_cmd",
        -:  890:                                       "conn_waiting",
        -:  891:                                       "conn_read",
        -:  892:                                       "conn_parse_cmd",
        -:  893:                                       "conn_write",
        -:  894:                                       "conn_nread",
        -:  895:                                       "conn_swallow",
        -:  896:                                       "conn_closing",
        -:  897:                                       "conn_mwrite",
        -:  898:                                       "conn_closed",
        -:  899:                                       "conn_watch" };
       10:  900:    return statenames[state];
        -:  901:}
        -:  902:
        -:  903:/*
        -:  904: * Sets a connection's current state in the state machine. Any special
        -:  905: * processing that needs to happen on certain state transitions can
        -:  906: * happen here.
        -:  907: */
  1028222:  908:static void conn_set_state(conn *c, enum conn_states state) {
  1028222:  909:    assert(c != NULL);
  1028222:  910:    assert(state >= conn_listening && state < conn_max_state);
        -:  911:
  1028222:  912:    if (state != c->state) {
  1007916:  913:        if (settings.verbose > 2) {
    #####:  914:            fprintf(stderr, "%d: going from %s to %s\n",
        -:  915:                    c->sfd, state_text(c->state),
        -:  916:                    state_text(state));
        -:  917:        }
        -:  918:
        -:  919:        if (state == conn_write || state == conn_mwrite) {
        -:  920:            MEMCACHED_PROCESS_COMMAND_END(c->sfd, c->wbuf, c->wbytes);
        -:  921:        }
  1007916:  922:        c->state = state;
        -:  923:    }
  1028222:  924:}
        -:  925:
        -:  926:/*
        -:  927: * Ensures that there is room for another struct iovec in a connection's
        -:  928: * iov list.
        -:  929: *
        -:  930: * Returns 0 on success, -1 on out-of-memory.
        -:  931: */
   389199:  932:static int ensure_iov_space(conn *c) {
   389199:  933:    assert(c != NULL);
        -:  934:
   389199:  935:    if (c->iovused >= c->iovsize) {
        -:  936:        int i, iovnum;
    #####:  937:        struct iovec *new_iov = (struct iovec *)realloc(c->iov,
    #####:  938:                                (c->iovsize * 2) * sizeof(struct iovec));
    #####:  939:        if (! new_iov) {
    #####:  940:            STATS_LOCK();
    #####:  941:            stats.malloc_fails++;
    #####:  942:            STATS_UNLOCK();
    #####:  943:            return -1;
        -:  944:        }
    #####:  945:        c->iov = new_iov;
    #####:  946:        c->iovsize *= 2;
        -:  947:
        -:  948:        /* Point all the msghdr structures at the new list. */
    #####:  949:        for (i = 0, iovnum = 0; i < c->msgused; i++) {
    #####:  950:            c->msglist[i].msg_iov = &c->iov[iovnum];
    #####:  951:            iovnum += c->msglist[i].msg_iovlen;
        -:  952:        }
        -:  953:    }
        -:  954:
        -:  955:    return 0;
        -:  956:}
        -:  957:
        -:  958:
        -:  959:/*
        -:  960: * Adds data to the list of pending data that will be written out to a
        -:  961: * connection.
        -:  962: *
        -:  963: * Returns 0 on success, -1 on out-of-memory.
        -:  964: * Note: This is a hot path for at least ASCII protocol. While there is
        -:  965: * redundant code in splitting TCP/UDP handling, any reduction in steps has a
        -:  966: * large impact for TCP connections.
        -:  967: */
        -:  968:
   389199:  969:static int add_iov(conn *c, const void *buf, int len) {
        -:  970:    struct msghdr *m;
        -:  971:    int leftover;
        -:  972:
   389199:  973:    assert(c != NULL);
        -:  974:
   389199:  975:    if (IS_UDP(c->transport)) {
        -:  976:        do {
       67:  977:            m = &c->msglist[c->msgused - 1];
        -:  978:
        -:  979:            /*
        -:  980:             * Limit UDP packets to UDP_MAX_PAYLOAD_SIZE bytes.
        -:  981:             */
        -:  982:
        -:  983:            /* We may need to start a new msghdr if this one is full. */
      134:  984:            if (m->msg_iovlen == IOV_MAX ||
       67:  985:                (c->msgbytes >= UDP_MAX_PAYLOAD_SIZE)) {
    #####:  986:                add_msghdr(c);
    #####:  987:                m = &c->msglist[c->msgused - 1];
        -:  988:            }
        -:  989:
       67:  990:            if (ensure_iov_space(c) != 0)
        -:  991:                return -1;
        -:  992:
        -:  993:            /* If the fragment is too big to fit in the datagram, split it up */
       67:  994:            if (len + c->msgbytes > UDP_MAX_PAYLOAD_SIZE) {
    #####:  995:                leftover = len + c->msgbytes - UDP_MAX_PAYLOAD_SIZE;
    #####:  996:                len -= leftover;
        -:  997:            } else {
        -:  998:                leftover = 0;
        -:  999:            }
        -: 1000:
       67: 1001:            m = &c->msglist[c->msgused - 1];
       67: 1002:            m->msg_iov[m->msg_iovlen].iov_base = (void *)buf;
       67: 1003:            m->msg_iov[m->msg_iovlen].iov_len = len;
        -: 1004:
       67: 1005:            c->msgbytes += len;
       67: 1006:            c->iovused++;
       67: 1007:            m->msg_iovlen++;
        -: 1008:
       67: 1009:            buf = ((char *)buf) + len;
       67: 1010:            len = leftover;
       67: 1011:        } while (leftover > 0);
        -: 1012:    } else {
        -: 1013:        /* Optimized path for TCP connections */
   389132: 1014:        m = &c->msglist[c->msgused - 1];
   389132: 1015:        if (m->msg_iovlen == IOV_MAX) {
    #####: 1016:            add_msghdr(c);
    #####: 1017:            m = &c->msglist[c->msgused - 1];
        -: 1018:        }
        -: 1019:
   389132: 1020:        if (ensure_iov_space(c) != 0)
        -: 1021:            return -1;
        -: 1022:
   389132: 1023:        m->msg_iov[m->msg_iovlen].iov_base = (void *)buf;
   389132: 1024:        m->msg_iov[m->msg_iovlen].iov_len = len;
   389132: 1025:        c->msgbytes += len;
   389132: 1026:        c->iovused++;
   389132: 1027:        m->msg_iovlen++;
        -: 1028:    }
        -: 1029:
        -: 1030:    return 0;
        -: 1031:}
        -: 1032:
    18597: 1033:static int add_chunked_item_iovs(conn *c, item *it, int len) {
    18597: 1034:    assert(it->it_flags & ITEM_CHUNKED);
    18597: 1035:    item_chunk *ch = (item_chunk *) ITEM_schunk(it);
   174277: 1036:    while (ch) {
   137083: 1037:        int todo = (len > ch->used) ? ch->used : len;
   137083: 1038:        if (add_iov(c, ch->data, todo) != 0) {
        -: 1039:            return -1;
        -: 1040:        }
   137083: 1041:        ch = ch->next;
   137083: 1042:        len -= todo;
        -: 1043:    }
        -: 1044:    return 0;
        -: 1045:}
        -: 1046:
        -: 1047:/*
        -: 1048: * Constructs a set of UDP headers and attaches them to the outgoing messages.
        -: 1049: */
       39: 1050:static int build_udp_headers(conn *c) {
        -: 1051:    int i;
        -: 1052:    unsigned char *hdr;
        -: 1053:
       39: 1054:    assert(c != NULL);
        -: 1055:
       39: 1056:    if (c->msgused > c->hdrsize) {
        -: 1057:        void *new_hdrbuf;
        3: 1058:        if (c->hdrbuf) {
    #####: 1059:            new_hdrbuf = realloc(c->hdrbuf, c->msgused * 2 * UDP_HEADER_SIZE);
        -: 1060:        } else {
        3: 1061:            new_hdrbuf = malloc(c->msgused * 2 * UDP_HEADER_SIZE);
        -: 1062:        }
        -: 1063:
        3: 1064:        if (! new_hdrbuf) {
    #####: 1065:            STATS_LOCK();
    #####: 1066:            stats.malloc_fails++;
    #####: 1067:            STATS_UNLOCK();
    #####: 1068:            return -1;
        -: 1069:        }
        3: 1070:        c->hdrbuf = (unsigned char *)new_hdrbuf;
        3: 1071:        c->hdrsize = c->msgused * 2;
        -: 1072:    }
        -: 1073:
       39: 1074:    hdr = c->hdrbuf;
       78: 1075:    for (i = 0; i < c->msgused; i++) {
       39: 1076:        c->msglist[i].msg_iov[0].iov_base = (void*)hdr;
       39: 1077:        c->msglist[i].msg_iov[0].iov_len = UDP_HEADER_SIZE;
       39: 1078:        *hdr++ = c->request_id / 256;
       39: 1079:        *hdr++ = c->request_id % 256;
       39: 1080:        *hdr++ = i / 256;
       39: 1081:        *hdr++ = i % 256;
       39: 1082:        *hdr++ = c->msgused / 256;
       39: 1083:        *hdr++ = c->msgused % 256;
       39: 1084:        *hdr++ = 0;
       39: 1085:        *hdr++ = 0;
       39: 1086:        assert((void *) hdr == (caddr_t)c->msglist[i].msg_iov[0].iov_base + UDP_HEADER_SIZE);
        -: 1087:    }
        -: 1088:
        -: 1089:    return 0;
        -: 1090:}
        -: 1091:
        -: 1092:
    85527: 1093:static void out_string(conn *c, const char *str) {
        -: 1094:    size_t len;
        -: 1095:
    85527: 1096:    assert(c != NULL);
        -: 1097:
    85527: 1098:    if (c->noreply) {
    65717: 1099:        if (settings.verbose > 1)
    #####: 1100:            fprintf(stderr, ">%d NOREPLY %s\n", c->sfd, str);
    65717: 1101:        c->noreply = false;
    65717: 1102:        conn_set_state(c, conn_new_cmd);
    65717: 1103:        return;
        -: 1104:    }
        -: 1105:
    19810: 1106:    if (settings.verbose > 1)
    #####: 1107:        fprintf(stderr, ">%d %s\n", c->sfd, str);
        -: 1108:
        -: 1109:    /* Nuke a partial output... */
    19810: 1110:    c->msgcurr = 0;
    19810: 1111:    c->msgused = 0;
    19810: 1112:    c->iovused = 0;
    19810: 1113:    add_msghdr(c);
        -: 1114:
    19810: 1115:    len = strlen(str);
    19810: 1116:    if ((len + 2) > c->wsize) {
        -: 1117:        /* ought to be always enough. just fail for simplicity */
    #####: 1118:        str = "SERVER_ERROR output line too long";
    #####: 1119:        len = strlen(str);
        -: 1120:    }
        -: 1121:
    39620: 1122:    memcpy(c->wbuf, str, len);
    39620: 1123:    memcpy(c->wbuf + len, "\r\n", 2);
    19810: 1124:    c->wbytes = len + 2;
    19810: 1125:    c->wcurr = c->wbuf;
        -: 1126:
    19810: 1127:    conn_set_state(c, conn_write);
    19810: 1128:    c->write_and_go = conn_new_cmd;
    19810: 1129:    return;
        -: 1130:}
        -: 1131:
        -: 1132:/*
        -: 1133: * Outputs a protocol-specific "out of memory" error. For ASCII clients,
        -: 1134: * this is equivalent to out_string().
        -: 1135: */
        5: 1136:static void out_of_memory(conn *c, char *ascii_error) {
        -: 1137:    const static char error_prefix[] = "SERVER_ERROR ";
        -: 1138:    const static int error_prefix_len = sizeof(error_prefix) - 1;
        -: 1139:
        5: 1140:    if (c->protocol == binary_prot) {
        -: 1141:        /* Strip off the generic error prefix; it's irrelevant in binary */
    #####: 1142:        if (!strncmp(ascii_error, error_prefix, error_prefix_len)) {
    #####: 1143:            ascii_error += error_prefix_len;
        -: 1144:        }
    #####: 1145:        write_bin_error(c, PROTOCOL_BINARY_RESPONSE_ENOMEM, ascii_error, 0);
        -: 1146:    } else {
        5: 1147:        out_string(c, ascii_error);
        -: 1148:    }
        5: 1149:}
        -: 1150:
        -: 1151:/*
        -: 1152: * we get here after reading the value in set/add/replace commands. The command
        -: 1153: * has been stored in c->cmd, and the item is ready in c->item.
        -: 1154: */
    82525: 1155:static void complete_nread_ascii(conn *c) {
    82525: 1156:    assert(c != NULL);
        -: 1157:
    82525: 1158:    item *it = c->item;
    82525: 1159:    int comm = c->cmd;
        -: 1160:    enum store_item_type ret;
    82525: 1161:    bool is_valid = false;
        -: 1162:
    82525: 1163:    pthread_mutex_lock(&c->thread->stats.mutex);
    82525: 1164:    c->thread->stats.slab_stats[ITEM_clsid(it)].set_cmds++;
    82525: 1165:    pthread_mutex_unlock(&c->thread->stats.mutex);
        -: 1166:
    82525: 1167:    if ((it->it_flags & ITEM_CHUNKED) == 0) {
    76609: 1168:        if (strncmp(ITEM_data(it) + it->nbytes - 2, "\r\n", 2) == 0) {
    76609: 1169:            is_valid = true;
        -: 1170:        }
        -: 1171:    } else {
        -: 1172:        char buf[2];
        -: 1173:        /* should point to the final item chunk */
     5916: 1174:        item_chunk *ch = (item_chunk *) c->ritem;
     5916: 1175:        assert(ch->used != 0);
        -: 1176:        /* :( We need to look at the last two bytes. This could span two
        -: 1177:         * chunks.
        -: 1178:         */
     5916: 1179:        if (ch->used > 1) {
     5916: 1180:            buf[0] = ch->data[ch->used - 2];
     5916: 1181:            buf[1] = ch->data[ch->used - 1];
        -: 1182:        } else {
    #####: 1183:            assert(ch->prev);
    #####: 1184:            assert(ch->used == 1);
    #####: 1185:            buf[0] = ch->prev->data[ch->prev->used - 1];
    #####: 1186:            buf[1] = ch->data[ch->used - 1];
        -: 1187:        }
     5916: 1188:        if (strncmp(buf, "\r\n", 2) == 0) {
     5916: 1189:            is_valid = true;
        -: 1190:        } else {
    #####: 1191:            assert(1 == 0);
        -: 1192:        }
        -: 1193:    }
        -: 1194:
    82525: 1195:    if (!is_valid) {
    #####: 1196:        out_string(c, "CLIENT_ERROR bad data chunk");
        -: 1197:    } else {
    82525: 1198:      ret = store_item(it, comm, c);
        -: 1199:
        -: 1200:#ifdef ENABLE_DTRACE
        -: 1201:      uint64_t cas = ITEM_get_cas(it);
        -: 1202:      switch (c->cmd) {
        -: 1203:      case NREAD_ADD:
        -: 1204:          MEMCACHED_COMMAND_ADD(c->sfd, ITEM_key(it), it->nkey,
        -: 1205:                                (ret == 1) ? it->nbytes : -1, cas);
        -: 1206:          break;
        -: 1207:      case NREAD_REPLACE:
        -: 1208:          MEMCACHED_COMMAND_REPLACE(c->sfd, ITEM_key(it), it->nkey,
        -: 1209:                                    (ret == 1) ? it->nbytes : -1, cas);
        -: 1210:          break;
        -: 1211:      case NREAD_APPEND:
        -: 1212:          MEMCACHED_COMMAND_APPEND(c->sfd, ITEM_key(it), it->nkey,
        -: 1213:                                   (ret == 1) ? it->nbytes : -1, cas);
        -: 1214:          break;
        -: 1215:      case NREAD_PREPEND:
        -: 1216:          MEMCACHED_COMMAND_PREPEND(c->sfd, ITEM_key(it), it->nkey,
        -: 1217:                                    (ret == 1) ? it->nbytes : -1, cas);
        -: 1218:          break;
        -: 1219:      case NREAD_SET:
        -: 1220:          MEMCACHED_COMMAND_SET(c->sfd, ITEM_key(it), it->nkey,
        -: 1221:                                (ret == 1) ? it->nbytes : -1, cas);
        -: 1222:          break;
        -: 1223:      case NREAD_CAS:
        -: 1224:          MEMCACHED_COMMAND_CAS(c->sfd, ITEM_key(it), it->nkey, it->nbytes,
        -: 1225:                                cas);
        -: 1226:          break;
        -: 1227:      }
        -: 1228:#endif
        -: 1229:
    82525: 1230:      switch (ret) {
        -: 1231:      case STORED:
    82514: 1232:          out_string(c, "STORED");
    82514: 1233:          break;
        -: 1234:      case EXISTS:
        5: 1235:          out_string(c, "EXISTS");
        5: 1236:          break;
        -: 1237:      case NOT_FOUND:
        2: 1238:          out_string(c, "NOT_FOUND");
        2: 1239:          break;
        -: 1240:      case NOT_STORED:
        4: 1241:          out_string(c, "NOT_STORED");
        4: 1242:          break;
        -: 1243:      default:
    #####: 1244:          out_string(c, "SERVER_ERROR Unhandled storage type.");
        -: 1245:      }
        -: 1246:
        -: 1247:    }
        -: 1248:
    82525: 1249:    item_remove(c->item);       /* release the c->item reference */
    82525: 1250:    c->item = 0;
    82525: 1251:}
        -: 1252:
        -: 1253:/**
        -: 1254: * get a pointer to the start of the request struct for the current command
        -: 1255: */
    20584: 1256:static void* binary_get_request(conn *c) {
    20584: 1257:    char *ret = c->rcurr;
    41168: 1258:    ret -= (sizeof(c->binary_header) + c->binary_header.request.keylen +
    20584: 1259:            c->binary_header.request.extlen);
        -: 1260:
    20584: 1261:    assert(ret >= c->rbuf);
    20584: 1262:    return ret;
        -: 1263:}
        -: 1264:
        -: 1265:/**
        -: 1266: * get a pointer to the key in this request
        -: 1267: */
        -: 1268:static char* binary_get_key(conn *c) {
    21467: 1269:    return c->rcurr - (c->binary_header.request.keylen);
        -: 1270:}
        -: 1271:
     4869: 1272:static void add_bin_header(conn *c, uint16_t err, uint8_t hdr_len, uint16_t key_len, uint32_t body_len) {
        -: 1273:    protocol_binary_response_header* header;
        -: 1274:
     4869: 1275:    assert(c);
        -: 1276:
     4869: 1277:    c->msgcurr = 0;
     4869: 1278:    c->msgused = 0;
     4869: 1279:    c->iovused = 0;
     4869: 1280:    if (add_msghdr(c) != 0) {
        -: 1281:        /* This should never run out of memory because iov and msg lists
        -: 1282:         * have minimum sizes big enough to hold an error response.
        -: 1283:         */
    #####: 1284:        out_of_memory(c, "SERVER_ERROR out of memory adding binary header");
    #####: 1285:        return;
        -: 1286:    }
        -: 1287:
     4869: 1288:    header = (protocol_binary_response_header *)c->wbuf;
        -: 1289:
     4869: 1290:    header->response.magic = (uint8_t)PROTOCOL_BINARY_RES;
     4869: 1291:    header->response.opcode = c->binary_header.request.opcode;
     4869: 1292:    header->response.keylen = (uint16_t)htons(key_len);
        -: 1293:
     4869: 1294:    header->response.extlen = (uint8_t)hdr_len;
     4869: 1295:    header->response.datatype = (uint8_t)PROTOCOL_BINARY_RAW_BYTES;
     4869: 1296:    header->response.status = (uint16_t)htons(err);
        -: 1297:
     4869: 1298:    header->response.bodylen = htonl(body_len);
     4869: 1299:    header->response.opaque = c->opaque;
     4869: 1300:    header->response.cas = htonll(c->cas);
        -: 1301:
     4869: 1302:    if (settings.verbose > 1) {
        -: 1303:        int ii;
    #####: 1304:        fprintf(stderr, ">%d Writing bin response:", c->sfd);
    #####: 1305:        for (ii = 0; ii < sizeof(header->bytes); ++ii) {
    #####: 1306:            if (ii % 4 == 0) {
    #####: 1307:                fprintf(stderr, "\n>%d  ", c->sfd);
        -: 1308:            }
    #####: 1309:            fprintf(stderr, " 0x%02x", header->bytes[ii]);
        -: 1310:        }
    #####: 1311:        fprintf(stderr, "\n");
        -: 1312:    }
        -: 1313:
     4869: 1314:    add_iov(c, c->wbuf, sizeof(header->response));
        -: 1315:}
        -: 1316:
        -: 1317:/**
        -: 1318: * Writes a binary error response. If errstr is supplied, it is used as the
        -: 1319: * error text; otherwise a generic description of the error status code is
        -: 1320: * included.
        -: 1321: */
     3596: 1322:static void write_bin_error(conn *c, protocol_binary_response_status err,
        -: 1323:                            const char *errstr, int swallow) {
        -: 1324:    size_t len;
        -: 1325:
     3596: 1326:    if (!errstr) {
     3596: 1327:        switch (err) {
        -: 1328:        case PROTOCOL_BINARY_RESPONSE_ENOMEM:
        -: 1329:            errstr = "Out of memory";
        -: 1330:            break;
        -: 1331:        case PROTOCOL_BINARY_RESPONSE_UNKNOWN_COMMAND:
     3386: 1332:            errstr = "Unknown command";
     3386: 1333:            break;
        -: 1334:        case PROTOCOL_BINARY_RESPONSE_KEY_ENOENT:
      135: 1335:            errstr = "Not found";
      135: 1336:            break;
        -: 1337:        case PROTOCOL_BINARY_RESPONSE_EINVAL:
        1: 1338:            errstr = "Invalid arguments";
        1: 1339:            break;
        -: 1340:        case PROTOCOL_BINARY_RESPONSE_KEY_EEXISTS:
       22: 1341:            errstr = "Data exists for key.";
       22: 1342:            break;
        -: 1343:        case PROTOCOL_BINARY_RESPONSE_E2BIG:
        2: 1344:            errstr = "Too large.";
        2: 1345:            break;
        -: 1346:        case PROTOCOL_BINARY_RESPONSE_DELTA_BADVAL:
        3: 1347:            errstr = "Non-numeric server-side value for incr or decr";
        3: 1348:            break;
        -: 1349:        case PROTOCOL_BINARY_RESPONSE_NOT_STORED:
       47: 1350:            errstr = "Not stored.";
       47: 1351:            break;
        -: 1352:        case PROTOCOL_BINARY_RESPONSE_AUTH_ERROR:
    #####: 1353:            errstr = "Auth failure.";
    #####: 1354:            break;
        -: 1355:        default:
    #####: 1356:            assert(false);
        -: 1357:            errstr = "UNHANDLED ERROR";
        -: 1358:            fprintf(stderr, ">%d UNHANDLED ERROR: %d\n", c->sfd, err);
        -: 1359:        }
        -: 1360:    }
        -: 1361:
     3596: 1362:    if (settings.verbose > 1) {
    #####: 1363:        fprintf(stderr, ">%d Writing an error: %s\n", c->sfd, errstr);
        -: 1364:    }
        -: 1365:
     3596: 1366:    len = strlen(errstr);
     3596: 1367:    add_bin_header(c, err, 0, 0, len);
     3596: 1368:    if (len > 0) {
     3596: 1369:        add_iov(c, errstr, len);
        -: 1370:    }
     3596: 1371:    conn_set_state(c, conn_mwrite);
     3596: 1372:    if(swallow > 0) {
        1: 1373:        c->sbytes = swallow;
        1: 1374:        c->write_and_go = conn_swallow;
        -: 1375:    } else {
     3595: 1376:        c->write_and_go = conn_new_cmd;
        -: 1377:    }
     3596: 1378:}
        -: 1379:
        -: 1380:/* Form and send a response to a command over the binary protocol */
    20438: 1381:static void write_bin_response(conn *c, void *d, int hlen, int keylen, int dlen) {
    20438: 1382:    if (!c->noreply || c->cmd == PROTOCOL_BINARY_CMD_GET ||
        -: 1383:        c->cmd == PROTOCOL_BINARY_CMD_GETK) {
      449: 1384:        add_bin_header(c, 0, hlen, keylen, dlen);
      449: 1385:        if(dlen > 0) {
       84: 1386:            add_iov(c, d, dlen);
        -: 1387:        }
      449: 1388:        conn_set_state(c, conn_mwrite);
      449: 1389:        c->write_and_go = conn_new_cmd;
        -: 1390:    } else {
    19989: 1391:        conn_set_state(c, conn_new_cmd);
        -: 1392:    }
    20438: 1393:}
        -: 1394:
      131: 1395:static void complete_incr_bin(conn *c) {
        -: 1396:    item *it;
        -: 1397:    char *key;
        -: 1398:    size_t nkey;
        -: 1399:    /* Weird magic in add_delta forces me to pad here */
        -: 1400:    char tmpbuf[INCR_MAX_STORAGE_LEN];
      131: 1401:    uint64_t cas = 0;
        -: 1402:
      131: 1403:    protocol_binary_response_incr* rsp = (protocol_binary_response_incr*)c->wbuf;
      131: 1404:    protocol_binary_request_incr* req = binary_get_request(c);
        -: 1405:
      131: 1406:    assert(c != NULL);
      131: 1407:    assert(c->wsize >= sizeof(*rsp));
        -: 1408:
        -: 1409:    /* fix byteorder in the request */
      131: 1410:    req->message.body.delta = ntohll(req->message.body.delta);
      131: 1411:    req->message.body.initial = ntohll(req->message.body.initial);
      262: 1412:    req->message.body.expiration = ntohl(req->message.body.expiration);
      262: 1413:    key = binary_get_key(c);
      131: 1414:    nkey = c->binary_header.request.keylen;
        -: 1415:
      131: 1416:    if (settings.verbose > 1) {
        -: 1417:        int i;
    #####: 1418:        fprintf(stderr, "incr ");
        -: 1419:
    #####: 1420:        for (i = 0; i < nkey; i++) {
    #####: 1421:            fprintf(stderr, "%c", key[i]);
        -: 1422:        }
    #####: 1423:        fprintf(stderr, " %lld, %llu, %d\n",
    #####: 1424:                (long long)req->message.body.delta,
    #####: 1425:                (long long)req->message.body.initial,
        -: 1426:                req->message.body.expiration);
        -: 1427:    }
        -: 1428:
      131: 1429:    if (c->binary_header.request.cas != 0) {
    #####: 1430:        cas = c->binary_header.request.cas;
        -: 1431:    }
      131: 1432:    switch(add_delta(c, key, nkey, c->cmd == PROTOCOL_BINARY_CMD_INCREMENT,
      131: 1433:                     req->message.body.delta, tmpbuf,
        -: 1434:                     &cas)) {
        -: 1435:    case OK:
       57: 1436:        rsp->message.body.value = htonll(strtoull(tmpbuf, NULL, 10));
       57: 1437:        if (cas) {
       57: 1438:            c->cas = cas;
        -: 1439:        }
       57: 1440:        write_bin_response(c, &rsp->message.body, 0, 0,
        -: 1441:                           sizeof(rsp->message.body.value));
       57: 1442:        break;
        -: 1443:    case NON_NUMERIC:
        3: 1444:        write_bin_error(c, PROTOCOL_BINARY_RESPONSE_DELTA_BADVAL, NULL, 0);
        3: 1445:        break;
        -: 1446:    case EOM:
    #####: 1447:        out_of_memory(c, "SERVER_ERROR Out of memory incrementing value");
    #####: 1448:        break;
        -: 1449:    case DELTA_ITEM_NOT_FOUND:
       71: 1450:        if (req->message.body.expiration != 0xffffffff) {
        -: 1451:            /* Save some room for the response */
       71: 1452:            rsp->message.body.value = htonll(req->message.body.initial);
        -: 1453:
       71: 1454:            snprintf(tmpbuf, INCR_MAX_STORAGE_LEN, "%llu",
       71: 1455:                (unsigned long long)req->message.body.initial);
       71: 1456:            int res = strlen(tmpbuf);
      142: 1457:            it = item_alloc(key, nkey, 0, realtime(req->message.body.expiration),
        -: 1458:                            res + 2);
        -: 1459:
       71: 1460:            if (it != NULL) {
      142: 1461:                memcpy(ITEM_data(it), tmpbuf, res);
      142: 1462:                memcpy(ITEM_data(it) + res, "\r\n", 2);
        -: 1463:
       71: 1464:                if (store_item(it, NREAD_ADD, c)) {
       71: 1465:                    c->cas = ITEM_get_cas(it);
       71: 1466:                    write_bin_response(c, &rsp->message.body, 0, 0, sizeof(rsp->message.body.value));
        -: 1467:                } else {
    #####: 1468:                    write_bin_error(c, PROTOCOL_BINARY_RESPONSE_NOT_STORED,
        -: 1469:                                    NULL, 0);
        -: 1470:                }
       71: 1471:                item_remove(it);         /* release our reference */
        -: 1472:            } else {
    #####: 1473:                out_of_memory(c,
        -: 1474:                        "SERVER_ERROR Out of memory allocating new item");
        -: 1475:            }
        -: 1476:        } else {
    #####: 1477:            pthread_mutex_lock(&c->thread->stats.mutex);
    #####: 1478:            if (c->cmd == PROTOCOL_BINARY_CMD_INCREMENT) {
    #####: 1479:                c->thread->stats.incr_misses++;
        -: 1480:            } else {
    #####: 1481:                c->thread->stats.decr_misses++;
        -: 1482:            }
    #####: 1483:            pthread_mutex_unlock(&c->thread->stats.mutex);
        -: 1484:
    #####: 1485:            write_bin_error(c, PROTOCOL_BINARY_RESPONSE_KEY_ENOENT, NULL, 0);
        -: 1486:        }
        -: 1487:        break;
        -: 1488:    case DELTA_ITEM_CAS_MISMATCH:
    #####: 1489:        write_bin_error(c, PROTOCOL_BINARY_RESPONSE_KEY_EEXISTS, NULL, 0);
    #####: 1490:        break;
        -: 1491:    }
      131: 1492:}
        -: 1493:
    20306: 1494:static void complete_update_bin(conn *c) {
    20306: 1495:    protocol_binary_response_status eno = PROTOCOL_BINARY_RESPONSE_EINVAL;
    20306: 1496:    enum store_item_type ret = NOT_STORED;
    20306: 1497:    assert(c != NULL);
        -: 1498:
    20306: 1499:    item *it = c->item;
        -: 1500:
    20306: 1501:    pthread_mutex_lock(&c->thread->stats.mutex);
    20306: 1502:    c->thread->stats.slab_stats[ITEM_clsid(it)].set_cmds++;
    20306: 1503:    pthread_mutex_unlock(&c->thread->stats.mutex);
        -: 1504:
        -: 1505:    /* We don't actually receive the trailing two characters in the bin
        -: 1506:     * protocol, so we're going to just set them here */
    20306: 1507:    if ((it->it_flags & ITEM_CHUNKED) == 0) {
    20105: 1508:        *(ITEM_data(it) + it->nbytes - 2) = '\r';
    20105: 1509:        *(ITEM_data(it) + it->nbytes - 1) = '\n';
        -: 1510:    } else {
      201: 1511:        assert(c->ritem);
      201: 1512:        item_chunk *ch = (item_chunk *) c->ritem;
      201: 1513:        if (ch->size == ch->used)
    #####: 1514:            ch = ch->next;
      201: 1515:        assert(ch->size - ch->used >= 2);
      201: 1516:        ch->data[ch->used] = '\r';
      201: 1517:        ch->data[ch->used + 1] = '\n';
      201: 1518:        ch->used += 2;
        -: 1519:    }
        -: 1520:
    20306: 1521:    ret = store_item(it, c->cmd, c);
        -: 1522:
        -: 1523:#ifdef ENABLE_DTRACE
        -: 1524:    uint64_t cas = ITEM_get_cas(it);
        -: 1525:    switch (c->cmd) {
        -: 1526:    case NREAD_ADD:
        -: 1527:        MEMCACHED_COMMAND_ADD(c->sfd, ITEM_key(it), it->nkey,
        -: 1528:                              (ret == STORED) ? it->nbytes : -1, cas);
        -: 1529:        break;
        -: 1530:    case NREAD_REPLACE:
        -: 1531:        MEMCACHED_COMMAND_REPLACE(c->sfd, ITEM_key(it), it->nkey,
        -: 1532:                                  (ret == STORED) ? it->nbytes : -1, cas);
        -: 1533:        break;
        -: 1534:    case NREAD_APPEND:
        -: 1535:        MEMCACHED_COMMAND_APPEND(c->sfd, ITEM_key(it), it->nkey,
        -: 1536:                                 (ret == STORED) ? it->nbytes : -1, cas);
        -: 1537:        break;
        -: 1538:    case NREAD_PREPEND:
        -: 1539:        MEMCACHED_COMMAND_PREPEND(c->sfd, ITEM_key(it), it->nkey,
        -: 1540:                                 (ret == STORED) ? it->nbytes : -1, cas);
        -: 1541:        break;
        -: 1542:    case NREAD_SET:
        -: 1543:        MEMCACHED_COMMAND_SET(c->sfd, ITEM_key(it), it->nkey,
        -: 1544:                              (ret == STORED) ? it->nbytes : -1, cas);
        -: 1545:        break;
        -: 1546:    }
        -: 1547:#endif
        -: 1548:
    20306: 1549:    switch (ret) {
        -: 1550:    case STORED:
        -: 1551:        /* Stored */
    20208: 1552:        write_bin_response(c, NULL, 0, 0, 0);
    20208: 1553:        break;
        -: 1554:    case EXISTS:
        2: 1555:        write_bin_error(c, PROTOCOL_BINARY_RESPONSE_KEY_EEXISTS, NULL, 0);
        2: 1556:        break;
        -: 1557:    case NOT_FOUND:
        1: 1558:        write_bin_error(c, PROTOCOL_BINARY_RESPONSE_KEY_ENOENT, NULL, 0);
        1: 1559:        break;
        -: 1560:    case NOT_STORED:
        -: 1561:    case TOO_LARGE:
        -: 1562:    case NO_MEMORY:
       95: 1563:        if (c->cmd == NREAD_ADD) {
        -: 1564:            eno = PROTOCOL_BINARY_RESPONSE_KEY_EEXISTS;
       75: 1565:        } else if(c->cmd == NREAD_REPLACE) {
        -: 1566:            eno = PROTOCOL_BINARY_RESPONSE_KEY_ENOENT;
        -: 1567:        } else {
       47: 1568:            eno = PROTOCOL_BINARY_RESPONSE_NOT_STORED;
        -: 1569:        }
       95: 1570:        write_bin_error(c, eno, NULL, 0);
        -: 1571:    }
        -: 1572:
    20306: 1573:    item_remove(c->item);       /* release the c->item reference */
    20306: 1574:    c->item = 0;
    20306: 1575:}
        -: 1576:
       37: 1577:static void write_bin_miss_response(conn *c, char *key, size_t nkey) {
       37: 1578:    if (nkey) {
       37: 1579:        char *ofs = c->wbuf + sizeof(protocol_binary_response_header);
       37: 1580:        add_bin_header(c, PROTOCOL_BINARY_RESPONSE_KEY_ENOENT,
        -: 1581:                0, nkey, nkey);
       37: 1582:        memcpy(ofs, key, nkey);
       37: 1583:        add_iov(c, ofs, nkey);
       37: 1584:        conn_set_state(c, conn_mwrite);
       37: 1585:        c->write_and_go = conn_new_cmd;
        -: 1586:    } else {
       71: 1587:        write_bin_error(c, PROTOCOL_BINARY_RESPONSE_KEY_ENOENT,
        -: 1588:                        NULL, 0);
        -: 1589:    }
       37: 1590:}
        -: 1591:
      965: 1592:static void process_bin_get_or_touch(conn *c) {
        -: 1593:    item *it;
        -: 1594:
      965: 1595:    protocol_binary_response_get* rsp = (protocol_binary_response_get*)c->wbuf;
     1930: 1596:    char* key = binary_get_key(c);
      965: 1597:    size_t nkey = c->binary_header.request.keylen;
     1930: 1598:    int should_touch = (c->cmd == PROTOCOL_BINARY_CMD_TOUCH ||
      965: 1599:                        c->cmd == PROTOCOL_BINARY_CMD_GAT ||
        -: 1600:                        c->cmd == PROTOCOL_BINARY_CMD_GATK);
      965: 1601:    int should_return_key = (c->cmd == PROTOCOL_BINARY_CMD_GETK ||
        -: 1602:                             c->cmd == PROTOCOL_BINARY_CMD_GATK);
      965: 1603:    int should_return_value = (c->cmd != PROTOCOL_BINARY_CMD_TOUCH);
      965: 1604:    bool failed = false;
        -: 1605:
      965: 1606:    if (settings.verbose > 1) {
    #####: 1607:        fprintf(stderr, "<%d %s ", c->sfd, should_touch ? "TOUCH" : "GET");
    #####: 1608:        if (fwrite(key, 1, nkey, stderr)) {}
    #####: 1609:        fputc('\n', stderr);
        -: 1610:    }
        -: 1611:
      965: 1612:    if (should_touch) {
      115: 1613:        protocol_binary_request_touch *t = binary_get_request(c);
      230: 1614:        time_t exptime = ntohl(t->message.body.expiration);
        -: 1615:
      115: 1616:        it = item_touch(key, nkey, realtime(exptime), c);
        -: 1617:    } else {
      850: 1618:        it = item_get(key, nkey, c, DO_UPDATE);
        -: 1619:    }
        -: 1620:
      965: 1621:    if (it) {
        -: 1622:        /* the length has two unnecessary bytes ("\r\n") */
      787: 1623:        uint16_t keylen = 0;
      787: 1624:        uint32_t bodylen = sizeof(rsp->message.body) + (it->nbytes - 2);
        -: 1625:
      787: 1626:        pthread_mutex_lock(&c->thread->stats.mutex);
      787: 1627:        if (should_touch) {
       25: 1628:            c->thread->stats.touch_cmds++;
       25: 1629:            c->thread->stats.slab_stats[ITEM_clsid(it)].touch_hits++;
        -: 1630:        } else {
      762: 1631:            c->thread->stats.get_cmds++;
      762: 1632:            c->thread->stats.lru_hits[it->slabs_clsid]++;
        -: 1633:        }
      787: 1634:        pthread_mutex_unlock(&c->thread->stats.mutex);
        -: 1635:
        -: 1636:        if (should_touch) {
        -: 1637:            MEMCACHED_COMMAND_TOUCH(c->sfd, ITEM_key(it), it->nkey,
        -: 1638:                                    it->nbytes, ITEM_get_cas(it));
        -: 1639:        } else {
        -: 1640:            MEMCACHED_COMMAND_GET(c->sfd, ITEM_key(it), it->nkey,
        -: 1641:                                  it->nbytes, ITEM_get_cas(it));
        -: 1642:        }
        -: 1643:
      787: 1644:        if (c->cmd == PROTOCOL_BINARY_CMD_TOUCH) {
        2: 1645:            bodylen -= it->nbytes - 2;
      785: 1646:        } else if (should_return_key) {
       26: 1647:            bodylen += nkey;
       26: 1648:            keylen = nkey;
        -: 1649:        }
        -: 1650:
      787: 1651:        add_bin_header(c, 0, sizeof(rsp->message.body), keylen, bodylen);
      787: 1652:        rsp->message.header.response.cas = htonll(ITEM_get_cas(it));
        -: 1653:
        -: 1654:        // add the flags
      787: 1655:        FLAGS_CONV(settings.inline_ascii_response, it, rsp->message.body.flags);
     1574: 1656:        rsp->message.body.flags = htonl(rsp->message.body.flags);
      787: 1657:        add_iov(c, &rsp->message.body, sizeof(rsp->message.body));
        -: 1658:
      787: 1659:        if (should_return_key) {
       26: 1660:            add_iov(c, ITEM_key(it), nkey);
        -: 1661:        }
        -: 1662:
      787: 1663:        if (should_return_value) {
        -: 1664:            /* Add the data minus the CRLF */
        -: 1665:#ifdef EXTSTORE
        -: 1666:            if (it->it_flags & ITEM_HDR) {
        -: 1667:                int iovcnt = 4;
        -: 1668:                int iovst = c->iovused - 3;
        -: 1669:                if (!should_return_key) {
        -: 1670:                    iovcnt = 3;
        -: 1671:                    iovst = c->iovused - 2;
        -: 1672:                }
        -: 1673:
        -: 1674:                if (_get_extstore(c, it, iovst, iovcnt) != 0) {
        -: 1675:                    pthread_mutex_lock(&c->thread->stats.mutex);
        -: 1676:                    c->thread->stats.get_oom_extstore++;
        -: 1677:                    pthread_mutex_unlock(&c->thread->stats.mutex);
        -: 1678:
        -: 1679:                    failed = true;
        -: 1680:                }
        -: 1681:            } else if ((it->it_flags & ITEM_CHUNKED) == 0) {
        -: 1682:                add_iov(c, ITEM_data(it), it->nbytes - 2);
        -: 1683:            } else {
        -: 1684:                add_chunked_item_iovs(c, it, it->nbytes - 2);
        -: 1685:            }
        -: 1686:#else
      785: 1687:            if ((it->it_flags & ITEM_CHUNKED) == 0) {
      584: 1688:                add_iov(c, ITEM_data(it), it->nbytes - 2);
        -: 1689:            } else {
[...]
        1: 7446:        if (!slab_chunk_size_changed) {
        -: 7447:            // Ideal new default is 16k, but needs stitching.
        1: 7448:            settings.slab_chunk_size_max = settings.slab_page_size / 2;
        -: 7449:        }
        -: 7450:    }
        -: 7451:
       96: 7452:    if (settings.slab_chunk_size_max > settings.item_size_max) {
    #####: 7453:        fprintf(stderr, "slab_chunk_max (bytes: %d) cannot be larger than -I (item_size_max %d)\n",
        -: 7454:                settings.slab_chunk_size_max, settings.item_size_max);
    #####: 7455:        exit(EX_USAGE);
        -: 7456:    }
        -: 7457:
       96: 7458:    if (settings.item_size_max % settings.slab_chunk_size_max != 0) {
    #####: 7459:        fprintf(stderr, "-I (item_size_max: %d) must be evenly divisible by slab_chunk_max (bytes: %d)\n",
        -: 7460:                settings.item_size_max, settings.slab_chunk_size_max);
    #####: 7461:        exit(EX_USAGE);
        -: 7462:    }
        -: 7463:
       96: 7464:    if (settings.slab_page_size % settings.slab_chunk_size_max != 0) {
    #####: 7465:        fprintf(stderr, "slab_chunk_max (bytes: %d) must divide evenly into %d (slab_page_size)\n",
        -: 7466:                settings.slab_chunk_size_max, settings.slab_page_size);
    #####: 7467:        exit(EX_USAGE);
        -: 7468:    }
        -: 7469:#ifdef EXTSTORE
        -: 7470:    if (storage_file) {
        -: 7471:        if (settings.item_size_max > ext_cf.wbuf_size) {
        -: 7472:            fprintf(stderr, "-I (item_size_max: %d) cannot be larger than ext_wbuf_size: %d\n",
        -: 7473:                settings.item_size_max, ext_cf.wbuf_size);
        -: 7474:            exit(EX_USAGE);
        -: 7475:        }
        -: 7476:
        -: 7477:        /* This is due to the suffix header being generated with the wrong length
        -: 7478:         * value for the ITEM_HDR replacement. The cuddled nbytes no longer
        -: 7479:         * matches, so we end up losing a few bytes on readback.
        -: 7480:         */
        -: 7481:        if (settings.inline_ascii_response) {
        -: 7482:            fprintf(stderr, "Cannot use inline_ascii_response with extstore enabled\n");
        -: 7483:            exit(EX_USAGE);
        -: 7484:        }
        -: 7485:
        -: 7486:        if (settings.udpport) {
        -: 7487:            fprintf(stderr, "Cannot use UDP with extstore enabled (-U 0 to disable)\n");
        -: 7488:            exit(EX_USAGE);
        -: 7489:        }
        -: 7490:    }
        -: 7491:#endif
        -: 7492:    // Reserve this for the new default. If factor size hasn't changed, use
        -: 7493:    // new default.
        -: 7494:    /*if (settings.slab_chunk_size_max == 16384 && settings.factor == 1.25) {
        -: 7495:        settings.factor = 1.08;
        -: 7496:    }*/
        -: 7497:
       96: 7498:    if (slab_sizes_unparsed != NULL) {
    #####: 7499:        if (_parse_slab_sizes(slab_sizes_unparsed, slab_sizes)) {
        -: 7500:            use_slab_sizes = true;
        -: 7501:        } else {
    #####: 7502:            exit(EX_USAGE);
        -: 7503:        }
        -: 7504:    }
        -: 7505:
       96: 7506:    if (settings.hot_lru_pct + settings.warm_lru_pct > 80) {
    #####: 7507:        fprintf(stderr, "hot_lru_pct + warm_lru_pct cannot be more than 80%% combined\n");
    #####: 7508:        exit(EX_USAGE);
        -: 7509:    }
        -: 7510:
       96: 7511:    if (settings.temp_lru && !start_lru_maintainer) {
    #####: 7512:        fprintf(stderr, "temporary_ttl requires lru_maintainer to be enabled\n");
    #####: 7513:        exit(EX_USAGE);
        -: 7514:    }
        -: 7515:
       96: 7516:    if (hash_init(hash_type) != 0) {
    #####: 7517:        fprintf(stderr, "Failed to initialize hash_algorithm!\n");
    #####: 7518:        exit(EX_USAGE);
        -: 7519:    }
        -: 7520:
        -: 7521:    /*
        -: 7522:     * Use one workerthread to serve each UDP port if the user specified
        -: 7523:     * multiple ports
        -: 7524:     */
       96: 7525:    if (settings.inter != NULL && strchr(settings.inter, ',')) {
    #####: 7526:        settings.num_threads_per_udp = 1;
        -: 7527:    } else {
       96: 7528:        settings.num_threads_per_udp = settings.num_threads;
        -: 7529:    }
        -: 7530:
       96: 7531:    if (settings.sasl) {
    #####: 7532:        if (!protocol_specified) {
    #####: 7533:            settings.binding_protocol = binary_prot;
        -: 7534:        } else {
    #####: 7535:            if (settings.binding_protocol != binary_prot) {
    #####: 7536:                fprintf(stderr, "ERROR: You cannot allow the ASCII protocol while using SASL.\n");
    #####: 7537:                exit(EX_USAGE);
        -: 7538:            }
        -: 7539:        }
        -: 7540:    }
        -: 7541:
       96: 7542:    if (udp_specified && settings.udpport != 0 && !tcp_specified) {
        2: 7543:        settings.port = settings.udpport;
        -: 7544:    }
        -: 7545:
       96: 7546:    if (maxcore != 0) {
        -: 7547:        struct rlimit rlim_new;
        -: 7548:        /*
        -: 7549:         * First try raising to infinity; if that fails, try bringing
        -: 7550:         * the soft limit to the hard.
        -: 7551:         */
    #####: 7552:        if (getrlimit(RLIMIT_CORE, &rlim) == 0) {
    #####: 7553:            rlim_new.rlim_cur = rlim_new.rlim_max = RLIM_INFINITY;
    #####: 7554:            if (setrlimit(RLIMIT_CORE, &rlim_new)!= 0) {
        -: 7555:                /* failed. try raising just to the old max */
    #####: 7556:                rlim_new.rlim_cur = rlim_new.rlim_max = rlim.rlim_max;
    #####: 7557:                (void)setrlimit(RLIMIT_CORE, &rlim_new);
        -: 7558:            }
        -: 7559:        }
        -: 7560:        /*
        -: 7561:         * getrlimit again to see what we ended up with. Only fail if
        -: 7562:         * the soft limit ends up 0, because then no core files will be
        -: 7563:         * created at all.
        -: 7564:         */
        -: 7565:
    #####: 7566:        if ((getrlimit(RLIMIT_CORE, &rlim) != 0) || rlim.rlim_cur == 0) {
    #####: 7567:            fprintf(stderr, "failed to ensure corefile creation\n");
    #####: 7568:            exit(EX_OSERR);
        -: 7569:        }
        -: 7570:    }
        -: 7571:
        -: 7572:    /*
        -: 7573:     * If needed, increase rlimits to allow as many connections
        -: 7574:     * as needed.
        -: 7575:     */
        -: 7576:
       96: 7577:    if (getrlimit(RLIMIT_NOFILE, &rlim) != 0) {
    #####: 7578:        fprintf(stderr, "failed to getrlimit number of files\n");
    #####: 7579:        exit(EX_OSERR);
        -: 7580:    } else {
       96: 7581:        rlim.rlim_cur = settings.maxconns;
       96: 7582:        rlim.rlim_max = settings.maxconns;
       96: 7583:        if (setrlimit(RLIMIT_NOFILE, &rlim) != 0) {
    #####: 7584:            fprintf(stderr, "failed to set rlimit for open files. Try starting as root or requesting smaller maxconns value.\n");
    #####: 7585:            exit(EX_OSERR);
        -: 7586:        }
        -: 7587:    }
        -: 7588:
        -: 7589:    /* lose root privileges if we have them */
       96: 7590:    if (getuid() == 0 || geteuid() == 0) {
    #####: 7591:        if (username == 0 || *username == '\0') {
    #####: 7592:            fprintf(stderr, "can't run as root without the -u switch\n");
    #####: 7593:            exit(EX_USAGE);
        -: 7594:        }
    #####: 7595:        if ((pw = getpwnam(username)) == 0) {
    #####: 7596:            fprintf(stderr, "can't find the user %s to switch to\n", username);
    #####: 7597:            exit(EX_NOUSER);
        -: 7598:        }
    #####: 7599:        if (setgroups(0, NULL) < 0) {
    #####: 7600:            fprintf(stderr, "failed to drop supplementary groups\n");
    #####: 7601:            exit(EX_OSERR);
        -: 7602:        }
    #####: 7603:        if (setgid(pw->pw_gid) < 0 || setuid(pw->pw_uid) < 0) {
    #####: 7604:            fprintf(stderr, "failed to assume identity of user %s\n", username);
    #####: 7605:            exit(EX_OSERR);
        -: 7606:        }
        -: 7607:    }
        -: 7608:
        -: 7609:    /* Initialize Sasl if -S was specified */
        -: 7610:    if (settings.sasl) {
        -: 7611:        init_sasl();
        -: 7612:    }
        -: 7613:
        -: 7614:    /* daemonize if requested */
        -: 7615:    /* if we want to ensure our ability to dump core, don't chdir to / */
       96: 7616:    if (do_daemonize) {
        2: 7617:        if (sigignore(SIGHUP) == -1) {
    #####: 7618:            perror("Failed to ignore SIGHUP");
        -: 7619:        }
        2: 7620:        if (daemonize(maxcore, settings.verbose) == -1) {
    #####: 7621:            fprintf(stderr, "failed to daemon() in order to daemonize\n");
    #####: 7622:            exit(EXIT_FAILURE);
        -: 7623:        }
        -: 7624:    }
        -: 7625:
        -: 7626:    /* lock paged memory if needed */
       95: 7627:    if (lock_memory) {
        -: 7628:#ifdef HAVE_MLOCKALL
    #####: 7629:        int res = mlockall(MCL_CURRENT | MCL_FUTURE);
    #####: 7630:        if (res != 0) {
    #####: 7631:            fprintf(stderr, "warning: -k invalid, mlockall() failed: %s\n",
    #####: 7632:                    strerror(errno));
        -: 7633:        }
        -: 7634:#else
        -: 7635:        fprintf(stderr, "warning: -k invalid, mlockall() not supported on this platform.  proceeding without.\n");
        -: 7636:#endif
        -: 7637:    }
        -: 7638:
        -: 7639:    /* initialize main thread libevent instance */
        -: 7640:#if defined(LIBEVENT_VERSION_NUMBER) && LIBEVENT_VERSION_NUMBER >= 0x02000101
        -: 7641:    /* If libevent version is larger/equal to 2.0.2-alpha, use newer version */
        -: 7642:    struct event_config *ev_config;
       95: 7643:    ev_config = event_config_new();
       95: 7644:    event_config_set_flag(ev_config, EVENT_BASE_FLAG_NOLOCK);
       95: 7645:    main_base = event_base_new_with_config(ev_config);
       95: 7646:    event_config_free(ev_config);
        -: 7647:#else
        -: 7648:    /* Otherwise, use older API */
        -: 7649:    main_base = event_init();
        -: 7650:#endif
        -: 7651:
        -: 7652:    /* initialize other stuff */
       95: 7653:    logger_init();
       95: 7654:    stats_init();
       95: 7655:    assoc_init(settings.hashpower_init);
       95: 7656:    conn_init();
       95: 7657:    slabs_init(settings.maxbytes, settings.factor, preallocate,
        -: 7658:            use_slab_sizes ? slab_sizes : NULL);
        -: 7659:#ifdef EXTSTORE
        -: 7660:    if (storage_file) {
        -: 7661:        enum extstore_res eres;
        -: 7662:        if (settings.ext_compact_under == 0) {
        -: 7663:            settings.ext_compact_under = storage_file->page_count / 4;
        -: 7664:            /* Only rescues non-COLD items if below this threshold */
        -: 7665:            settings.ext_drop_under = storage_file->page_count / 4;
        -: 7666:        }
        -: 7667:        crc32c_init();
        -: 7668:        /* Init free chunks to zero. */
        -: 7669:        for (int x = 0; x < MAX_NUMBER_OF_SLAB_CLASSES; x++) {
        -: 7670:            settings.ext_free_memchunks[x] = 0;
        -: 7671:        }
        -: 7672:        storage = extstore_init(storage_file, &ext_cf, &eres);
        -: 7673:        if (storage == NULL) {
        -: 7674:            fprintf(stderr, "Failed to initialize external storage: %s\n",
        -: 7675:                    extstore_err(eres));
        -: 7676:            if (eres == EXTSTORE_INIT_OPEN_FAIL) {
        -: 7677:                perror("extstore open");
        -: 7678:            }
        -: 7679:            exit(EXIT_FAILURE);
        -: 7680:        }
        -: 7681:        ext_storage = storage;
        -: 7682:        /* page mover algorithm for extstore needs memory prefilled */
        -: 7683:        slabs_prefill_global();
        -: 7684:    }
        -: 7685:#endif
        -: 7686:    /*
        -: 7687:     * ignore SIGPIPE signals; we can use errno == EPIPE if we
        -: 7688:     * need that information
        -: 7689:     */
       95: 7690:    if (sigignore(SIGPIPE) == -1) {
    #####: 7691:        perror("failed to ignore SIGPIPE; sigaction");
    #####: 7692:        exit(EX_OSERR);
        -: 7693:    }
        -: 7694:    /* start up worker threads if MT mode */
        -: 7695:#ifdef EXTSTORE
        -: 7696:    slabs_set_storage(storage);
        -: 7697:    memcached_thread_init(settings.num_threads, storage);
        -: 7698:    init_lru_crawler(storage);
        -: 7699:#else
       95: 7700:    memcached_thread_init(settings.num_threads, NULL);
       95: 7701:    init_lru_crawler(NULL);
        -: 7702:#endif
        -: 7703:
       95: 7704:    if (start_assoc_maint && start_assoc_maintenance_thread() == -1) {
    #####: 7705:        exit(EXIT_FAILURE);
        -: 7706:    }
       95: 7707:    if (start_lru_crawler && start_item_crawler_thread() != 0) {
    #####: 7708:        fprintf(stderr, "Failed to enable LRU crawler thread\n");
    #####: 7709:        exit(EXIT_FAILURE);
        -: 7710:    }
        -: 7711:#ifdef EXTSTORE
        -: 7712:    if (storage && start_storage_compact_thread(storage) != 0) {
        -: 7713:        fprintf(stderr, "Failed to start storage compaction thread\n");
        -: 7714:        exit(EXIT_FAILURE);
        -: 7715:    }
        -: 7716:    if (storage && start_storage_write_thread(storage) != 0) {
        -: 7717:        fprintf(stderr, "Failed to start storage writer thread\n");
        -: 7718:        exit(EXIT_FAILURE);
        -: 7719:    }
        -: 7720:
        -: 7721:    if (start_lru_maintainer && start_lru_maintainer_thread(storage) != 0) {
        -: 7722:#else
       95: 7723:    if (start_lru_maintainer && start_lru_maintainer_thread(NULL) != 0) {
        -: 7724:#endif
    #####: 7725:        fprintf(stderr, "Failed to enable LRU maintainer thread\n");
    #####: 7726:        return 1;
        -: 7727:    }
        -: 7728:
      183: 7729:    if (settings.slab_reassign &&
       88: 7730:        start_slab_maintenance_thread() == -1) {
    #####: 7731:        exit(EXIT_FAILURE);
        -: 7732:    }
        -: 7733:
       95: 7734:    if (settings.idle_timeout && start_conn_timeout_thread() == -1) {
    #####: 7735:        exit(EXIT_FAILURE);
        -: 7736:    }
        -: 7737:
        -: 7738:    /* initialise clock event */
       95: 7739:    clock_handler(0, 0, 0);
        -: 7740:
        -: 7741:    /* create unix mode sockets after dropping privileges */
       95: 7742:    if (settings.socketpath != NULL) {
       73: 7743:        errno = 0;
       73: 7744:        if (server_socket_unix(settings.socketpath,settings.access)) {
    #####: 7745:            vperror("failed to listen on UNIX socket: %s", settings.socketpath);
    #####: 7746:            exit(EX_OSERR);
        -: 7747:        }
        -: 7748:    }
        -: 7749:
        -: 7750:    /* create the listening socket, bind it, and init */
       95: 7751:    if (settings.socketpath == NULL) {
       22: 7752:        const char *portnumber_filename = getenv("MEMCACHED_PORT_FILENAME");
       22: 7753:        char *temp_portnumber_filename = NULL;
        -: 7754:        size_t len;
       22: 7755:        FILE *portnumber_file = NULL;
        -: 7756:
       22: 7757:        if (portnumber_filename != NULL) {
       15: 7758:            len = strlen(portnumber_filename)+4+1;
       15: 7759:            temp_portnumber_filename = malloc(len);
       15: 7760:            snprintf(temp_portnumber_filename,
        -: 7761:                     len,
        -: 7762:                     "%s.lck", portnumber_filename);
        -: 7763:
       15: 7764:            portnumber_file = fopen(temp_portnumber_filename, "a");
       15: 7765:            if (portnumber_file == NULL) {
    #####: 7766:                fprintf(stderr, "Failed to open \"%s\": %s\n",
    #####: 7767:                        temp_portnumber_filename, strerror(errno));
        -: 7768:            }
        -: 7769:        }
        -: 7770:
       22: 7771:        errno = 0;
       22: 7772:        if (settings.port && server_sockets(settings.port, tcp_transport,
        -: 7773:                                           portnumber_file)) {
        1: 7774:            vperror("failed to listen on TCP port %d", settings.port);
        1: 7775:            exit(EX_OSERR);
        -: 7776:        }
        -: 7777:
        -: 7778:        /*
        -: 7779:         * initialization order: first create the listening sockets
        -: 7780:         * (may need root on low ports), then drop root if needed,
        -: 7781:         * then daemonize if needed, then init libevent (in some cases
        -: 7782:         * descriptors created by libevent wouldn't survive forking).
        -: 7783:         */
        -: 7784:
        -: 7785:        /* create the UDP listening socket and bind it */
       21: 7786:        errno = 0;
       21: 7787:        if (settings.udpport && server_sockets(settings.udpport, udp_transport,
        -: 7788:                                              portnumber_file)) {
    #####: 7789:            vperror("failed to listen on UDP port %d", settings.udpport);
    #####: 7790:            exit(EX_OSERR);
        -: 7791:        }
        -: 7792:
       21: 7793:        if (portnumber_file) {
       15: 7794:            fclose(portnumber_file);
       15: 7795:            rename(temp_portnumber_filename, portnumber_filename);
        -: 7796:        }
       21: 7797:        if (temp_portnumber_filename)
       15: 7798:            free(temp_portnumber_filename);
        -: 7799:    }
        -: 7800:
        -: 7801:    /* Give the sockets a moment to open. I know this is dumb, but the error
        -: 7802:     * is only an advisory.
        -: 7803:     */
       94: 7804:    usleep(1000);
       94: 7805:    if (stats_state.curr_conns + stats_state.reserved_fds >= settings.maxconns - 1) {
    #####: 7806:        fprintf(stderr, "Maxconns setting is too low, use -c to increase.\n");
    #####: 7807:        exit(EXIT_FAILURE);
        -: 7808:    }
        -: 7809:
       94: 7810:    if (pid_file != NULL) {
        1: 7811:        save_pid(pid_file);
        -: 7812:    }
        -: 7813:
        -: 7814:    /* Drop privileges no longer needed */
        -: 7815:    if (settings.drop_privileges) {
        -: 7816:        drop_privileges();
        -: 7817:    }
        -: 7818:
        -: 7819:    /* Initialize the uriencode lookup table. */
       94: 7820:    uriencode_init();
        -: 7821:
        -: 7822:    /* enter the event loop */
       94: 7823:    if (event_base_loop(main_base, 0) != 0) {
    #####: 7824:        retval = EXIT_FAILURE;
        -: 7825:    }
        -: 7826:
    #####: 7827:    stop_assoc_maintenance_thread();
        -: 7828:
        -: 7829:    /* remove the PID file if we're a daemon */
    #####: 7830:    if (do_daemonize)
    #####: 7831:        remove_pidfile(pid_file);
        -: 7832:    /* Clean up strdup() call for bind() address */
    #####: 7833:    if (settings.inter)
    #####: 7834:      free(settings.inter);
    #####: 7835:    if (l_socket)
    #####: 7836:      free(l_socket);
    #####: 7837:    if (u_socket)
    #####: 7838:      free(u_socket);
        -: 7839:
        -: 7840:    /* cleanup base */
    #####: 7841:    event_base_free(main_base);
        -: 7842:
    #####: 7843:    return retval;
        -: 7844:}
